device=mps seed=42 standard_epochs=10 cl_epochs=8 max_train_batches=100

######## CL Split MNIST (naive / sequential) ########
  [naive_adam] task0 ep1/8 tr_acc=0.9888 curtask_test_acc=0.9891 seen_acc=0.9891
  [naive_adam] task0 ep2/8 tr_acc=0.9980 curtask_test_acc=0.9991 seen_acc=0.9991
  [naive_adam] task0 ep3/8 tr_acc=0.9991 curtask_test_acc=0.9991 seen_acc=0.9991
  [naive_adam] task0 ep4/8 tr_acc=0.9997 curtask_test_acc=0.9991 seen_acc=0.9991
  [naive_adam] task0 ep5/8 tr_acc=0.9988 curtask_test_acc=0.9991 seen_acc=0.9991
  [naive_adam] task0 ep6/8 tr_acc=0.9988 curtask_test_acc=0.9991 seen_acc=0.9991
  [naive_adam] task0 ep7/8 tr_acc=0.9991 curtask_test_acc=0.9995 seen_acc=0.9995
  [naive_adam] task0 ep8/8 tr_acc=0.9997 curtask_test_acc=0.9995 seen_acc=0.9995
  [naive_adam] task1 ep1/8 tr_acc=0.8850 curtask_test_acc=0.9794 seen_acc=0.4811
  [naive_adam] task1 ep2/8 tr_acc=0.9823 curtask_test_acc=0.9863 seen_acc=0.4845
  [naive_adam] task1 ep3/8 tr_acc=0.9880 curtask_test_acc=0.9922 seen_acc=0.4874
  [naive_adam] task1 ep4/8 tr_acc=0.9905 curtask_test_acc=0.9897 seen_acc=0.4862
  [naive_adam] task1 ep5/8 tr_acc=0.9914 curtask_test_acc=0.9927 seen_acc=0.4876
  [naive_adam] task1 ep6/8 tr_acc=0.9916 curtask_test_acc=0.9882 seen_acc=0.4854
  [naive_adam] task1 ep7/8 tr_acc=0.9947 curtask_test_acc=0.9897 seen_acc=0.4862
  [naive_adam] task1 ep8/8 tr_acc=0.9962 curtask_test_acc=0.9941 seen_acc=0.4883
  [naive_adam] task2 ep1/8 tr_acc=0.8784 curtask_test_acc=0.9920 seen_acc=0.3082
  [naive_adam] task2 ep2/8 tr_acc=0.9931 curtask_test_acc=0.9931 seen_acc=0.3086
  [naive_adam] task2 ep3/8 tr_acc=0.9944 curtask_test_acc=0.9936 seen_acc=0.3087
  [naive_adam] task2 ep4/8 tr_acc=0.9958 curtask_test_acc=0.9968 seen_acc=0.3097
  [naive_adam] task2 ep5/8 tr_acc=0.9966 curtask_test_acc=0.9968 seen_acc=0.3097
  [naive_adam] task2 ep6/8 tr_acc=0.9977 curtask_test_acc=0.9957 seen_acc=0.3094
  [naive_adam] task2 ep7/8 tr_acc=0.9980 curtask_test_acc=0.9968 seen_acc=0.3097
  [naive_adam] task2 ep8/8 tr_acc=0.9989 curtask_test_acc=0.9989 seen_acc=0.3104
  [naive_adam] task3 ep1/8 tr_acc=0.8536 curtask_test_acc=0.9859 seen_acc=0.2442
  [naive_adam] task3 ep2/8 tr_acc=0.9977 curtask_test_acc=0.9919 seen_acc=0.2457
  [naive_adam] task3 ep3/8 tr_acc=0.9992 curtask_test_acc=0.9924 seen_acc=0.2459
  [naive_adam] task3 ep4/8 tr_acc=0.9984 curtask_test_acc=0.9955 seen_acc=0.2466
  [naive_adam] task3 ep5/8 tr_acc=0.9991 curtask_test_acc=0.9945 seen_acc=0.2464
  [naive_adam] task3 ep6/8 tr_acc=0.9995 curtask_test_acc=0.9960 seen_acc=0.2467
  [naive_adam] task3 ep7/8 tr_acc=0.9991 curtask_test_acc=0.9955 seen_acc=0.2466
  [naive_adam] task3 ep8/8 tr_acc=0.9994 curtask_test_acc=0.9970 seen_acc=0.2470
  [naive_adam] task4 ep1/8 tr_acc=0.7188 curtask_test_acc=0.9682 seen_acc=0.1920
  [naive_adam] task4 ep2/8 tr_acc=0.9783 curtask_test_acc=0.9834 seen_acc=0.1950
  [naive_adam] task4 ep3/8 tr_acc=0.9884 curtask_test_acc=0.9793 seen_acc=0.1942
  [naive_adam] task4 ep4/8 tr_acc=0.9889 curtask_test_acc=0.9889 seen_acc=0.1961
  [naive_adam] task4 ep5/8 tr_acc=0.9919 curtask_test_acc=0.9884 seen_acc=0.1960
  [naive_adam] task4 ep6/8 tr_acc=0.9925 curtask_test_acc=0.9924 seen_acc=0.1968
  [naive_adam] task4 ep7/8 tr_acc=0.9945 curtask_test_acc=0.9914 seen_acc=0.1966
  [naive_adam] task4 ep8/8 tr_acc=0.9941 curtask_test_acc=0.9894 seen_acc=0.1962
  [naive_adam] avg_final_acc=0.1979 forgetting=0.7979  (72.7s)
  [naive_sgd] task0 ep1/8 tr_acc=0.9888 curtask_test_acc=0.9891 seen_acc=0.9891
  [naive_sgd] task0 ep2/8 tr_acc=0.9980 curtask_test_acc=0.9991 seen_acc=0.9991
  [naive_sgd] task0 ep3/8 tr_acc=0.9991 curtask_test_acc=0.9991 seen_acc=0.9991
  [naive_sgd] task0 ep4/8 tr_acc=0.9997 curtask_test_acc=0.9991 seen_acc=0.9991
  [naive_sgd] task0 ep5/8 tr_acc=0.9988 curtask_test_acc=0.9991 seen_acc=0.9991
  [naive_sgd] task0 ep6/8 tr_acc=0.9988 curtask_test_acc=0.9991 seen_acc=0.9991
  [naive_sgd] task0 ep7/8 tr_acc=0.9991 curtask_test_acc=0.9995 seen_acc=0.9995
  [naive_sgd] task0 ep8/8 tr_acc=0.9997 curtask_test_acc=0.9995 seen_acc=0.9995
  [naive_sgd] task1 ep1/8 tr_acc=0.8850 curtask_test_acc=0.9794 seen_acc=0.4811
  [naive_sgd] task1 ep2/8 tr_acc=0.9823 curtask_test_acc=0.9863 seen_acc=0.4845
  [naive_sgd] task1 ep3/8 tr_acc=0.9880 curtask_test_acc=0.9922 seen_acc=0.4874
  [naive_sgd] task1 ep4/8 tr_acc=0.9905 curtask_test_acc=0.9897 seen_acc=0.4862
  [naive_sgd] task1 ep5/8 tr_acc=0.9914 curtask_test_acc=0.9927 seen_acc=0.4876
  [naive_sgd] task1 ep6/8 tr_acc=0.9916 curtask_test_acc=0.9882 seen_acc=0.4854
  [naive_sgd] task1 ep7/8 tr_acc=0.9947 curtask_test_acc=0.9897 seen_acc=0.4862
  [naive_sgd] task1 ep8/8 tr_acc=0.9962 curtask_test_acc=0.9941 seen_acc=0.4883
  [naive_sgd] task2 ep1/8 tr_acc=0.8784 curtask_test_acc=0.9920 seen_acc=0.3082
  [naive_sgd] task2 ep2/8 tr_acc=0.9931 curtask_test_acc=0.9931 seen_acc=0.3086
  [naive_sgd] task2 ep3/8 tr_acc=0.9944 curtask_test_acc=0.9936 seen_acc=0.3087
  [naive_sgd] task2 ep4/8 tr_acc=0.9958 curtask_test_acc=0.9968 seen_acc=0.3097
  [naive_sgd] task2 ep5/8 tr_acc=0.9966 curtask_test_acc=0.9968 seen_acc=0.3097
  [naive_sgd] task2 ep6/8 tr_acc=0.9977 curtask_test_acc=0.9957 seen_acc=0.3094
  [naive_sgd] task2 ep7/8 tr_acc=0.9980 curtask_test_acc=0.9968 seen_acc=0.3097
  [naive_sgd] task2 ep8/8 tr_acc=0.9989 curtask_test_acc=0.9989 seen_acc=0.3104
  [naive_sgd] task3 ep1/8 tr_acc=0.8536 curtask_test_acc=0.9859 seen_acc=0.2442
  [naive_sgd] task3 ep2/8 tr_acc=0.9977 curtask_test_acc=0.9919 seen_acc=0.2457
  [naive_sgd] task3 ep3/8 tr_acc=0.9992 curtask_test_acc=0.9924 seen_acc=0.2459
  [naive_sgd] task3 ep4/8 tr_acc=0.9984 curtask_test_acc=0.9955 seen_acc=0.2466
  [naive_sgd] task3 ep5/8 tr_acc=0.9991 curtask_test_acc=0.9945 seen_acc=0.2464
  [naive_sgd] task3 ep6/8 tr_acc=0.9995 curtask_test_acc=0.9960 seen_acc=0.2467
  [naive_sgd] task3 ep7/8 tr_acc=0.9991 curtask_test_acc=0.9955 seen_acc=0.2466
  [naive_sgd] task3 ep8/8 tr_acc=0.9994 curtask_test_acc=0.9970 seen_acc=0.2470
  [naive_sgd] task4 ep1/8 tr_acc=0.7188 curtask_test_acc=0.9682 seen_acc=0.1920
  [naive_sgd] task4 ep2/8 tr_acc=0.9783 curtask_test_acc=0.9834 seen_acc=0.1950
  [naive_sgd] task4 ep3/8 tr_acc=0.9884 curtask_test_acc=0.9793 seen_acc=0.1942
  [naive_sgd] task4 ep4/8 tr_acc=0.9889 curtask_test_acc=0.9889 seen_acc=0.1961
  [naive_sgd] task4 ep5/8 tr_acc=0.9919 curtask_test_acc=0.9884 seen_acc=0.1960
  [naive_sgd] task4 ep6/8 tr_acc=0.9925 curtask_test_acc=0.9924 seen_acc=0.1968
  [naive_sgd] task4 ep7/8 tr_acc=0.9945 curtask_test_acc=0.9914 seen_acc=0.1966
  [naive_sgd] task4 ep8/8 tr_acc=0.9941 curtask_test_acc=0.9894 seen_acc=0.1962
  [naive_sgd] avg_final_acc=0.1979 forgetting=0.7979  (72.9s)
  [gain_random] task0 ep1/8 tr_acc=0.9902 curtask_test_acc=0.9995 seen_acc=0.9995
  [gain_random] task0 ep2/8 tr_acc=0.9973 curtask_test_acc=0.9981 seen_acc=0.9981
  [gain_random] task0 ep3/8 tr_acc=0.9983 curtask_test_acc=0.9995 seen_acc=0.9995
  [gain_random] task0 ep4/8 tr_acc=0.9986 curtask_test_acc=0.9995 seen_acc=0.9995
  [gain_random] task0 ep5/8 tr_acc=0.9995 curtask_test_acc=0.9991 seen_acc=0.9991
  [gain_random] task0 ep6/8 tr_acc=0.9994 curtask_test_acc=0.9995 seen_acc=0.9995
  [gain_random] task0 ep7/8 tr_acc=0.9995 curtask_test_acc=0.9991 seen_acc=0.9991
  [gain_random] task0 ep8/8 tr_acc=0.9998 curtask_test_acc=0.9991 seen_acc=0.9991
  [gain_random] task1 ep1/8 tr_acc=0.8828 curtask_test_acc=0.9804 seen_acc=0.4816
  [gain_random] task1 ep2/8 tr_acc=0.9816 curtask_test_acc=0.9789 seen_acc=0.4809
  [gain_random] task1 ep3/8 tr_acc=0.9855 curtask_test_acc=0.9897 seen_acc=0.4862
  [gain_random] task1 ep4/8 tr_acc=0.9905 curtask_test_acc=0.9922 seen_acc=0.4874
  [gain_random] task1 ep5/8 tr_acc=0.9916 curtask_test_acc=0.9936 seen_acc=0.4881
  [gain_random] task1 ep6/8 tr_acc=0.9930 curtask_test_acc=0.9912 seen_acc=0.4869
  [gain_random] task1 ep7/8 tr_acc=0.9928 curtask_test_acc=0.9946 seen_acc=0.4886
  [gain_random] task1 ep8/8 tr_acc=0.9958 curtask_test_acc=0.9946 seen_acc=0.4886
  [gain_random] task2 ep1/8 tr_acc=0.8291 curtask_test_acc=0.9883 seen_acc=0.3071
  [gain_random] task2 ep2/8 tr_acc=0.9923 curtask_test_acc=0.9973 seen_acc=0.3099
  [gain_random] task2 ep3/8 tr_acc=0.9959 curtask_test_acc=0.9979 seen_acc=0.3101
  [gain_random] task2 ep4/8 tr_acc=0.9964 curtask_test_acc=0.9968 seen_acc=0.3097
  [gain_random] task2 ep5/8 tr_acc=0.9983 curtask_test_acc=0.9968 seen_acc=0.3097
  [gain_random] task2 ep6/8 tr_acc=0.9970 curtask_test_acc=0.9979 seen_acc=0.3101
  [gain_random] task2 ep7/8 tr_acc=0.9977 curtask_test_acc=0.9984 seen_acc=0.3102
  [gain_random] task2 ep8/8 tr_acc=0.9975 curtask_test_acc=0.9973 seen_acc=0.3099
  [gain_random] task3 ep1/8 tr_acc=0.7858 curtask_test_acc=0.9945 seen_acc=0.2464
  [gain_random] task3 ep2/8 tr_acc=0.9977 curtask_test_acc=0.9950 seen_acc=0.2465
  [gain_random] task3 ep3/8 tr_acc=0.9981 curtask_test_acc=0.9955 seen_acc=0.2466
  [gain_random] task3 ep4/8 tr_acc=0.9989 curtask_test_acc=0.9960 seen_acc=0.2467
  [gain_random] task3 ep5/8 tr_acc=0.9991 curtask_test_acc=0.9970 seen_acc=0.2470
  [gain_random] task3 ep6/8 tr_acc=0.9997 curtask_test_acc=0.9970 seen_acc=0.2470
  [gain_random] task3 ep7/8 tr_acc=0.9998 curtask_test_acc=0.9950 seen_acc=0.2465
  [gain_random] task3 ep8/8 tr_acc=0.9991 curtask_test_acc=0.9965 seen_acc=0.2469
  [gain_random] task4 ep1/8 tr_acc=0.8458 curtask_test_acc=0.9768 seen_acc=0.1945
  [gain_random] task4 ep2/8 tr_acc=0.9792 curtask_test_acc=0.9753 seen_acc=0.1939
  [gain_random] task4 ep3/8 tr_acc=0.9802 curtask_test_acc=0.9829 seen_acc=0.1952
  [gain_random] task4 ep4/8 tr_acc=0.9847 curtask_test_acc=0.9839 seen_acc=0.1954
  [gain_random] task4 ep5/8 tr_acc=0.9838 curtask_test_acc=0.9829 seen_acc=0.1952
  [gain_random] task4 ep6/8 tr_acc=0.9850 curtask_test_acc=0.9829 seen_acc=0.1952
  [gain_random] task4 ep7/8 tr_acc=0.9862 curtask_test_acc=0.9854 seen_acc=0.1956
  [gain_random] task4 ep8/8 tr_acc=0.9866 curtask_test_acc=0.9869 seen_acc=0.1960
  [gain_random] avg_final_acc=0.1977 forgetting=0.7972  (81.4s)
  [gain_learned] task0 ep1/8 tr_acc=0.9905 curtask_test_acc=0.9995 seen_acc=0.9995
  [gain_learned] task0 ep2/8 tr_acc=0.9977 curtask_test_acc=0.9976 seen_acc=0.9976
  [gain_learned] task0 ep3/8 tr_acc=0.9988 curtask_test_acc=0.9995 seen_acc=0.9995
  [gain_learned] task0 ep4/8 tr_acc=0.9992 curtask_test_acc=0.9995 seen_acc=0.9995
  [gain_learned] task0 ep5/8 tr_acc=0.9994 curtask_test_acc=0.9991 seen_acc=0.9991
  [gain_learned] task0 ep6/8 tr_acc=0.9989 curtask_test_acc=0.9972 seen_acc=0.9972
  [gain_learned] task0 ep7/8 tr_acc=0.9992 curtask_test_acc=0.9991 seen_acc=0.9991
  [gain_learned] task0 ep8/8 tr_acc=0.9998 curtask_test_acc=0.9991 seen_acc=0.9991
  [gain_learned] task1 ep1/8 tr_acc=0.9041 curtask_test_acc=0.9814 seen_acc=0.4821
  [gain_learned] task1 ep2/8 tr_acc=0.9805 curtask_test_acc=0.9863 seen_acc=0.4845
  [gain_learned] task1 ep3/8 tr_acc=0.9853 curtask_test_acc=0.9897 seen_acc=0.4862
  [gain_learned] task1 ep4/8 tr_acc=0.9884 curtask_test_acc=0.9931 seen_acc=0.4879
  [gain_learned] task1 ep5/8 tr_acc=0.9927 curtask_test_acc=0.9907 seen_acc=0.4866
  [gain_learned] task1 ep6/8 tr_acc=0.9933 curtask_test_acc=0.9917 seen_acc=0.4871
  [gain_learned] task1 ep7/8 tr_acc=0.9933 curtask_test_acc=0.9897 seen_acc=0.4862
  [gain_learned] task1 ep8/8 tr_acc=0.9959 curtask_test_acc=0.9936 seen_acc=0.4881
  [gain_learned] task2 ep1/8 tr_acc=0.8548 curtask_test_acc=0.9920 seen_acc=0.3082
  [gain_learned] task2 ep2/8 tr_acc=0.9928 curtask_test_acc=0.9973 seen_acc=0.3099
  [gain_learned] task2 ep3/8 tr_acc=0.9964 curtask_test_acc=0.9952 seen_acc=0.3092
  [gain_learned] task2 ep4/8 tr_acc=0.9962 curtask_test_acc=0.9973 seen_acc=0.3099
  [gain_learned] task2 ep5/8 tr_acc=0.9986 curtask_test_acc=0.9984 seen_acc=0.3102
  [gain_learned] task2 ep6/8 tr_acc=0.9983 curtask_test_acc=0.9984 seen_acc=0.3102
  [gain_learned] task2 ep7/8 tr_acc=0.9992 curtask_test_acc=0.9947 seen_acc=0.3091
  [gain_learned] task2 ep8/8 tr_acc=0.9983 curtask_test_acc=0.9957 seen_acc=0.3094
  [gain_learned] task3 ep1/8 tr_acc=0.8839 curtask_test_acc=0.9955 seen_acc=0.2466
  [gain_learned] task3 ep2/8 tr_acc=0.9977 curtask_test_acc=0.9950 seen_acc=0.2465
  [gain_learned] task3 ep3/8 tr_acc=0.9991 curtask_test_acc=0.9965 seen_acc=0.2469
  [gain_learned] task3 ep4/8 tr_acc=0.9994 curtask_test_acc=0.9980 seen_acc=0.2472
  [gain_learned] task3 ep5/8 tr_acc=0.9997 curtask_test_acc=0.9975 seen_acc=0.2471
  [gain_learned] task3 ep6/8 tr_acc=0.9997 curtask_test_acc=0.9975 seen_acc=0.2471
  [gain_learned] task3 ep7/8 tr_acc=0.9998 curtask_test_acc=0.9975 seen_acc=0.2471
  [gain_learned] task3 ep8/8 tr_acc=0.9995 curtask_test_acc=0.9980 seen_acc=0.2472
  [gain_learned] task4 ep1/8 tr_acc=0.5341 curtask_test_acc=0.9632 seen_acc=0.1910
  [gain_learned] task4 ep2/8 tr_acc=0.9709 curtask_test_acc=0.9778 seen_acc=0.1939
  [gain_learned] task4 ep3/8 tr_acc=0.9783 curtask_test_acc=0.9813 seen_acc=0.1946
  [gain_learned] task4 ep4/8 tr_acc=0.9839 curtask_test_acc=0.9788 seen_acc=0.1941
  [gain_learned] task4 ep5/8 tr_acc=0.9833 curtask_test_acc=0.9834 seen_acc=0.1950
  [gain_learned] task4 ep6/8 tr_acc=0.9861 curtask_test_acc=0.9829 seen_acc=0.1949
  [gain_learned] task4 ep7/8 tr_acc=0.9877 curtask_test_acc=0.9884 seen_acc=0.1960
  [gain_learned] task4 ep8/8 tr_acc=0.9886 curtask_test_acc=0.9904 seen_acc=0.1964
  [gain_learned] avg_final_acc=0.1981 forgetting=0.7973  (84.4s)
  [gain_direct] task0 ep1/8 tr_acc=0.9900 curtask_test_acc=0.9991 seen_acc=0.9991
  [gain_direct] task0 ep2/8 tr_acc=0.9984 curtask_test_acc=0.9991 seen_acc=0.9991
  [gain_direct] task0 ep3/8 tr_acc=0.9983 curtask_test_acc=0.9991 seen_acc=0.9991
  [gain_direct] task0 ep4/8 tr_acc=0.9988 curtask_test_acc=0.9995 seen_acc=0.9995
  [gain_direct] task0 ep5/8 tr_acc=0.9984 curtask_test_acc=0.9991 seen_acc=0.9991
  [gain_direct] task0 ep6/8 tr_acc=1.0000 curtask_test_acc=0.9995 seen_acc=0.9995
  [gain_direct] task0 ep7/8 tr_acc=0.9992 curtask_test_acc=0.9976 seen_acc=0.9976
  [gain_direct] task0 ep8/8 tr_acc=0.9998 curtask_test_acc=0.9991 seen_acc=0.9991
  [gain_direct] task1 ep1/8 tr_acc=0.9373 curtask_test_acc=0.9750 seen_acc=0.4790
  [gain_direct] task1 ep2/8 tr_acc=0.9788 curtask_test_acc=0.9833 seen_acc=0.4830
  [gain_direct] task1 ep3/8 tr_acc=0.9880 curtask_test_acc=0.9882 seen_acc=0.4854
  [gain_direct] task1 ep4/8 tr_acc=0.9872 curtask_test_acc=0.9858 seen_acc=0.4842
  [gain_direct] task1 ep5/8 tr_acc=0.9903 curtask_test_acc=0.9853 seen_acc=0.4840
  [gain_direct] task1 ep6/8 tr_acc=0.9909 curtask_test_acc=0.9887 seen_acc=0.4857
  [gain_direct] task1 ep7/8 tr_acc=0.9938 curtask_test_acc=0.9892 seen_acc=0.4859
  [gain_direct] task1 ep8/8 tr_acc=0.9956 curtask_test_acc=0.9912 seen_acc=0.4869
  [gain_direct] task2 ep1/8 tr_acc=0.9278 curtask_test_acc=0.9925 seen_acc=0.3084
  [gain_direct] task2 ep2/8 tr_acc=0.9919 curtask_test_acc=0.9936 seen_acc=0.3087
  [gain_direct] task2 ep3/8 tr_acc=0.9936 curtask_test_acc=0.9920 seen_acc=0.3082
  [gain_direct] task2 ep4/8 tr_acc=0.9938 curtask_test_acc=0.9936 seen_acc=0.3087
  [gain_direct] task2 ep5/8 tr_acc=0.9958 curtask_test_acc=0.9973 seen_acc=0.3099
  [gain_direct] task2 ep6/8 tr_acc=0.9956 curtask_test_acc=0.9957 seen_acc=0.3094
  [gain_direct] task2 ep7/8 tr_acc=0.9967 curtask_test_acc=0.9963 seen_acc=0.3096
  [gain_direct] task2 ep8/8 tr_acc=0.9970 curtask_test_acc=0.9968 seen_acc=0.3097
  [gain_direct] task3 ep1/8 tr_acc=0.9317 curtask_test_acc=0.9935 seen_acc=0.2461
  [gain_direct] task3 ep2/8 tr_acc=0.9977 curtask_test_acc=0.9980 seen_acc=0.2472
  [gain_direct] task3 ep3/8 tr_acc=0.9992 curtask_test_acc=0.9930 seen_acc=0.2460
  [gain_direct] task3 ep4/8 tr_acc=0.9978 curtask_test_acc=0.9980 seen_acc=0.2472
  [gain_direct] task3 ep5/8 tr_acc=0.9988 curtask_test_acc=0.9990 seen_acc=0.2475
  [gain_direct] task3 ep6/8 tr_acc=0.9983 curtask_test_acc=0.9965 seen_acc=0.2469
  [gain_direct] task3 ep7/8 tr_acc=0.9997 curtask_test_acc=0.9960 seen_acc=0.2467
  [gain_direct] task3 ep8/8 tr_acc=1.0000 curtask_test_acc=0.9970 seen_acc=0.2470
  [gain_direct] task4 ep1/8 tr_acc=0.8820 curtask_test_acc=0.9708 seen_acc=0.1925
  [gain_direct] task4 ep2/8 tr_acc=0.9758 curtask_test_acc=0.9375 seen_acc=0.1859
  [gain_direct] task4 ep3/8 tr_acc=0.9805 curtask_test_acc=0.9803 seen_acc=0.1944
  [gain_direct] task4 ep4/8 tr_acc=0.9847 curtask_test_acc=0.9854 seen_acc=0.1954
  [gain_direct] task4 ep5/8 tr_acc=0.9869 curtask_test_acc=0.9884 seen_acc=0.1960
  [gain_direct] task4 ep6/8 tr_acc=0.9875 curtask_test_acc=0.9924 seen_acc=0.1968
  [gain_direct] task4 ep7/8 tr_acc=0.9869 curtask_test_acc=0.9869 seen_acc=0.1957
  [gain_direct] task4 ep8/8 tr_acc=0.9912 curtask_test_acc=0.9874 seen_acc=0.1958
  [gain_direct] avg_final_acc=0.1975 forgetting=0.7968  (80.0s)
  [gain_direct_bounded] task0 ep1/8 tr_acc=0.9889 curtask_test_acc=0.9991 seen_acc=0.9991
  [gain_direct_bounded] task0 ep2/8 tr_acc=0.9981 curtask_test_acc=0.9986 seen_acc=0.9986
  [gain_direct_bounded] task0 ep3/8 tr_acc=0.9992 curtask_test_acc=0.9986 seen_acc=0.9986
  [gain_direct_bounded] task0 ep4/8 tr_acc=0.9995 curtask_test_acc=0.9991 seen_acc=0.9991
  [gain_direct_bounded] task0 ep5/8 tr_acc=0.9992 curtask_test_acc=0.9991 seen_acc=0.9991
  [gain_direct_bounded] task0 ep6/8 tr_acc=1.0000 curtask_test_acc=0.9991 seen_acc=0.9991
  [gain_direct_bounded] task0 ep7/8 tr_acc=0.9992 curtask_test_acc=0.9991 seen_acc=0.9991
  [gain_direct_bounded] task0 ep8/8 tr_acc=0.9986 curtask_test_acc=0.9995 seen_acc=0.9995
  [gain_direct_bounded] task1 ep1/8 tr_acc=0.9081 curtask_test_acc=0.9721 seen_acc=0.4775
  [gain_direct_bounded] task1 ep2/8 tr_acc=0.9794 curtask_test_acc=0.9868 seen_acc=0.4847
  [gain_direct_bounded] task1 ep3/8 tr_acc=0.9902 curtask_test_acc=0.9927 seen_acc=0.4876
  [gain_direct_bounded] task1 ep4/8 tr_acc=0.9927 curtask_test_acc=0.9892 seen_acc=0.4859
  [gain_direct_bounded] task1 ep5/8 tr_acc=0.9955 curtask_test_acc=0.9927 seen_acc=0.4876
  [gain_direct_bounded] task1 ep6/8 tr_acc=0.9958 curtask_test_acc=0.9966 seen_acc=0.4895
  [gain_direct_bounded] task1 ep7/8 tr_acc=0.9961 curtask_test_acc=0.9956 seen_acc=0.4891
  [gain_direct_bounded] task1 ep8/8 tr_acc=0.9969 curtask_test_acc=0.9951 seen_acc=0.4888
  [gain_direct_bounded] task2 ep1/8 tr_acc=0.9150 curtask_test_acc=0.9904 seen_acc=0.3077
  [gain_direct_bounded] task2 ep2/8 tr_acc=0.9952 curtask_test_acc=0.9973 seen_acc=0.3099
  [gain_direct_bounded] task2 ep3/8 tr_acc=0.9969 curtask_test_acc=0.9979 seen_acc=0.3101
  [gain_direct_bounded] task2 ep4/8 tr_acc=0.9986 curtask_test_acc=0.9979 seen_acc=0.3101
  [gain_direct_bounded] task2 ep5/8 tr_acc=0.9980 curtask_test_acc=0.9984 seen_acc=0.3102
  [gain_direct_bounded] task2 ep6/8 tr_acc=0.9989 curtask_test_acc=0.9989 seen_acc=0.3104
  [gain_direct_bounded] task2 ep7/8 tr_acc=0.9995 curtask_test_acc=0.9979 seen_acc=0.3101
  [gain_direct_bounded] task2 ep8/8 tr_acc=0.9998 curtask_test_acc=0.9984 seen_acc=0.3102
  [gain_direct_bounded] task3 ep1/8 tr_acc=0.9020 curtask_test_acc=0.9924 seen_acc=0.2459
  [gain_direct_bounded] task3 ep2/8 tr_acc=0.9984 curtask_test_acc=0.9965 seen_acc=0.2469
  [gain_direct_bounded] task3 ep3/8 tr_acc=0.9992 curtask_test_acc=0.9965 seen_acc=0.2469
  [gain_direct_bounded] task3 ep4/8 tr_acc=0.9997 curtask_test_acc=0.9965 seen_acc=0.2469
  [gain_direct_bounded] task3 ep5/8 tr_acc=0.9991 curtask_test_acc=0.9970 seen_acc=0.2470
  [gain_direct_bounded] task3 ep6/8 tr_acc=0.9997 curtask_test_acc=0.9985 seen_acc=0.2473
  [gain_direct_bounded] task3 ep7/8 tr_acc=0.9997 curtask_test_acc=0.9980 seen_acc=0.2472
  [gain_direct_bounded] task3 ep8/8 tr_acc=1.0000 curtask_test_acc=0.9980 seen_acc=0.2472
  [gain_direct_bounded] task4 ep1/8 tr_acc=0.8306 curtask_test_acc=0.9748 seen_acc=0.1933
  [gain_direct_bounded] task4 ep2/8 tr_acc=0.9820 curtask_test_acc=0.9708 seen_acc=0.1925
  [gain_direct_bounded] task4 ep3/8 tr_acc=0.9845 curtask_test_acc=0.9839 seen_acc=0.1951
  [gain_direct_bounded] task4 ep4/8 tr_acc=0.9884 curtask_test_acc=0.9894 seen_acc=0.1962
  [gain_direct_bounded] task4 ep5/8 tr_acc=0.9928 curtask_test_acc=0.9909 seen_acc=0.1965
  [gain_direct_bounded] task4 ep6/8 tr_acc=0.9909 curtask_test_acc=0.9909 seen_acc=0.1965
  [gain_direct_bounded] task4 ep7/8 tr_acc=0.9930 curtask_test_acc=0.9924 seen_acc=0.1968
  [gain_direct_bounded] task4 ep8/8 tr_acc=0.9955 curtask_test_acc=0.9874 seen_acc=0.1958
  [gain_direct_bounded] avg_final_acc=0.1975 forgetting=0.7982  (80.4s)
  [plast_random] task0 ep1/8 tr_acc=0.9342 curtask_test_acc=0.9972 seen_acc=0.9972
  [plast_random] task0 ep2/8 tr_acc=0.9944 curtask_test_acc=0.9962 seen_acc=0.9962
  [plast_random] task0 ep3/8 tr_acc=0.9950 curtask_test_acc=0.9972 seen_acc=0.9972
  [plast_random] task0 ep4/8 tr_acc=0.9956 curtask_test_acc=0.9972 seen_acc=0.9972
  [plast_random] task0 ep5/8 tr_acc=0.9948 curtask_test_acc=0.9972 seen_acc=0.9972
  [plast_random] task0 ep6/8 tr_acc=0.9959 curtask_test_acc=0.9972 seen_acc=0.9972
  [plast_random] task0 ep7/8 tr_acc=0.9972 curtask_test_acc=0.9976 seen_acc=0.9976
  [plast_random] task0 ep8/8 tr_acc=0.9966 curtask_test_acc=0.9976 seen_acc=0.9976
  [plast_random] task1 ep1/8 tr_acc=0.0645 curtask_test_acc=0.5372 seen_acc=0.7695
  [plast_random] task1 ep2/8 tr_acc=0.8588 curtask_test_acc=0.9442 seen_acc=0.7561
  [plast_random] task1 ep3/8 tr_acc=0.9411 curtask_test_acc=0.9486 seen_acc=0.5052
  [plast_random] task1 ep4/8 tr_acc=0.9414 curtask_test_acc=0.9442 seen_acc=0.4638
  [plast_random] task1 ep5/8 tr_acc=0.9447 curtask_test_acc=0.9510 seen_acc=0.4672
  [plast_random] task1 ep6/8 tr_acc=0.9477 curtask_test_acc=0.9549 seen_acc=0.4691
  [plast_random] task1 ep7/8 tr_acc=0.9522 curtask_test_acc=0.9564 seen_acc=0.4698
  [plast_random] task1 ep8/8 tr_acc=0.9542 curtask_test_acc=0.9574 seen_acc=0.4703
  [plast_random] task2 ep1/8 tr_acc=0.0233 curtask_test_acc=0.3591 seen_acc=0.5904
  [plast_random] task2 ep2/8 tr_acc=0.8216 curtask_test_acc=0.9258 seen_acc=0.2923
  [plast_random] task2 ep3/8 tr_acc=0.9278 curtask_test_acc=0.9440 seen_acc=0.2933
  [plast_random] task2 ep4/8 tr_acc=0.9395 curtask_test_acc=0.9562 seen_acc=0.2971
  [plast_random] task2 ep5/8 tr_acc=0.9497 curtask_test_acc=0.9621 seen_acc=0.2990
  [plast_random] task2 ep6/8 tr_acc=0.9561 curtask_test_acc=0.9664 seen_acc=0.3003
  [plast_random] task2 ep7/8 tr_acc=0.9630 curtask_test_acc=0.9701 seen_acc=0.3014
  [plast_random] task2 ep8/8 tr_acc=0.9672 curtask_test_acc=0.9749 seen_acc=0.3029
  [plast_random] task3 ep1/8 tr_acc=0.1056 curtask_test_acc=0.8056 seen_acc=0.4437
  [plast_random] task3 ep2/8 tr_acc=0.9556 curtask_test_acc=0.9829 seen_acc=0.2651
  [plast_random] task3 ep3/8 tr_acc=0.9902 curtask_test_acc=0.9879 seen_acc=0.2450
  [plast_random] task3 ep4/8 tr_acc=0.9945 curtask_test_acc=0.9899 seen_acc=0.2452
  [plast_random] task3 ep5/8 tr_acc=0.9941 curtask_test_acc=0.9904 seen_acc=0.2454
  [plast_random] task3 ep6/8 tr_acc=0.9955 curtask_test_acc=0.9914 seen_acc=0.2456
  [plast_random] task3 ep7/8 tr_acc=0.9948 curtask_test_acc=0.9909 seen_acc=0.2455
  [plast_random] task3 ep8/8 tr_acc=0.9950 curtask_test_acc=0.9914 seen_acc=0.2456
  [plast_random] task4 ep1/8 tr_acc=0.2022 curtask_test_acc=0.8643 seen_acc=0.3466
  [plast_random] task4 ep2/8 tr_acc=0.9377 curtask_test_acc=0.9455 seen_acc=0.2075
  [plast_random] task4 ep3/8 tr_acc=0.9497 curtask_test_acc=0.9511 seen_acc=0.1887
  [plast_random] task4 ep4/8 tr_acc=0.9492 curtask_test_acc=0.9521 seen_acc=0.1888
  [plast_random] task4 ep5/8 tr_acc=0.9553 curtask_test_acc=0.9541 seen_acc=0.1892
  [plast_random] task4 ep6/8 tr_acc=0.9514 curtask_test_acc=0.9556 seen_acc=0.1895
  [plast_random] task4 ep7/8 tr_acc=0.9536 curtask_test_acc=0.9581 seen_acc=0.1900
  [plast_random] task4 ep8/8 tr_acc=0.9616 curtask_test_acc=0.9607 seen_acc=0.1905
  [plast_random] avg_final_acc=0.1921 forgetting=0.7843  (83.1s)
  [plast_learned] task0 ep1/8 tr_acc=0.9342 curtask_test_acc=0.9972 seen_acc=0.9972
  [plast_learned] task0 ep2/8 tr_acc=0.9944 curtask_test_acc=0.9967 seen_acc=0.9967
  [plast_learned] task0 ep3/8 tr_acc=0.9950 curtask_test_acc=0.9972 seen_acc=0.9972
  [plast_learned] task0 ep4/8 tr_acc=0.9956 curtask_test_acc=0.9972 seen_acc=0.9972
  [plast_learned] task0 ep5/8 tr_acc=0.9950 curtask_test_acc=0.9972 seen_acc=0.9972
  [plast_learned] task0 ep6/8 tr_acc=0.9959 curtask_test_acc=0.9972 seen_acc=0.9972
  [plast_learned] task0 ep7/8 tr_acc=0.9970 curtask_test_acc=0.9976 seen_acc=0.9976
  [plast_learned] task0 ep8/8 tr_acc=0.9967 curtask_test_acc=0.9976 seen_acc=0.9976
  [plast_learned] task1 ep1/8 tr_acc=0.0955 curtask_test_acc=0.6440 seen_acc=0.8208
  [plast_learned] task1 ep2/8 tr_acc=0.8823 curtask_test_acc=0.9476 seen_acc=0.7075
  [plast_learned] task1 ep3/8 tr_acc=0.9419 curtask_test_acc=0.9496 seen_acc=0.4852
  [plast_learned] task1 ep4/8 tr_acc=0.9428 curtask_test_acc=0.9452 seen_acc=0.4643
  [plast_learned] task1 ep5/8 tr_acc=0.9466 curtask_test_acc=0.9515 seen_acc=0.4674
  [plast_learned] task1 ep6/8 tr_acc=0.9489 curtask_test_acc=0.9564 seen_acc=0.4698
  [plast_learned] task1 ep7/8 tr_acc=0.9523 curtask_test_acc=0.9569 seen_acc=0.4701
  [plast_learned] task1 ep8/8 tr_acc=0.9545 curtask_test_acc=0.9589 seen_acc=0.4710
  [plast_learned] task2 ep1/8 tr_acc=0.0519 curtask_test_acc=0.5470 seen_acc=0.6080
  [plast_learned] task2 ep2/8 tr_acc=0.8583 curtask_test_acc=0.9269 seen_acc=0.2885
  [plast_learned] task2 ep3/8 tr_acc=0.9297 curtask_test_acc=0.9445 seen_acc=0.2935
  [plast_learned] task2 ep4/8 tr_acc=0.9409 curtask_test_acc=0.9573 seen_acc=0.2975
  [plast_learned] task2 ep5/8 tr_acc=0.9517 curtask_test_acc=0.9632 seen_acc=0.2993
  [plast_learned] task2 ep6/8 tr_acc=0.9584 curtask_test_acc=0.9664 seen_acc=0.3003
  [plast_learned] task2 ep7/8 tr_acc=0.9647 curtask_test_acc=0.9728 seen_acc=0.3023
  [plast_learned] task2 ep8/8 tr_acc=0.9686 curtask_test_acc=0.9749 seen_acc=0.3029
  [plast_learned] task3 ep1/8 tr_acc=0.1636 curtask_test_acc=0.8771 seen_acc=0.4419
  [plast_learned] task3 ep2/8 tr_acc=0.9686 curtask_test_acc=0.9849 seen_acc=0.2602
  [plast_learned] task3 ep3/8 tr_acc=0.9909 curtask_test_acc=0.9884 seen_acc=0.2451
  [plast_learned] task3 ep4/8 tr_acc=0.9944 curtask_test_acc=0.9904 seen_acc=0.2454
  [plast_learned] task3 ep5/8 tr_acc=0.9941 curtask_test_acc=0.9909 seen_acc=0.2455
  [plast_learned] task3 ep6/8 tr_acc=0.9953 curtask_test_acc=0.9914 seen_acc=0.2456
  [plast_learned] task3 ep7/8 tr_acc=0.9948 curtask_test_acc=0.9914 seen_acc=0.2456
  [plast_learned] task3 ep8/8 tr_acc=0.9955 curtask_test_acc=0.9919 seen_acc=0.2457
  [plast_learned] task4 ep1/8 tr_acc=0.2566 curtask_test_acc=0.9037 seen_acc=0.3255
  [plast_learned] task4 ep2/8 tr_acc=0.9428 curtask_test_acc=0.9465 seen_acc=0.2026
  [plast_learned] task4 ep3/8 tr_acc=0.9502 curtask_test_acc=0.9521 seen_acc=0.1889
  [plast_learned] task4 ep4/8 tr_acc=0.9497 curtask_test_acc=0.9526 seen_acc=0.1889
  [plast_learned] task4 ep5/8 tr_acc=0.9558 curtask_test_acc=0.9541 seen_acc=0.1892
  [plast_learned] task4 ep6/8 tr_acc=0.9523 curtask_test_acc=0.9576 seen_acc=0.1899
  [plast_learned] task4 ep7/8 tr_acc=0.9544 curtask_test_acc=0.9592 seen_acc=0.1902
  [plast_learned] task4 ep8/8 tr_acc=0.9625 curtask_test_acc=0.9617 seen_acc=0.1907
  [plast_learned] avg_final_acc=0.1923 forgetting=0.7847  (85.5s)
  [plast_direct] task0 ep1/8 tr_acc=0.9356 curtask_test_acc=0.9972 seen_acc=0.9972
  [plast_direct] task0 ep2/8 tr_acc=0.9950 curtask_test_acc=0.9972 seen_acc=0.9972
  [plast_direct] task0 ep3/8 tr_acc=0.9950 curtask_test_acc=0.9972 seen_acc=0.9972
  [plast_direct] task0 ep4/8 tr_acc=0.9950 curtask_test_acc=0.9972 seen_acc=0.9972
  [plast_direct] task0 ep5/8 tr_acc=0.9961 curtask_test_acc=0.9972 seen_acc=0.9972
  [plast_direct] task0 ep6/8 tr_acc=0.9962 curtask_test_acc=0.9972 seen_acc=0.9972
  [plast_direct] task0 ep7/8 tr_acc=0.9958 curtask_test_acc=0.9976 seen_acc=0.9976
  [plast_direct] task0 ep8/8 tr_acc=0.9961 curtask_test_acc=0.9976 seen_acc=0.9976
  [plast_direct] task1 ep1/8 tr_acc=0.0959 curtask_test_acc=0.6577 seen_acc=0.8278
  [plast_direct] task1 ep2/8 tr_acc=0.8820 curtask_test_acc=0.9466 seen_acc=0.7048
  [plast_direct] task1 ep3/8 tr_acc=0.9447 curtask_test_acc=0.9471 seen_acc=0.4852
  [plast_direct] task1 ep4/8 tr_acc=0.9491 curtask_test_acc=0.9525 seen_acc=0.4679
  [plast_direct] task1 ep5/8 tr_acc=0.9467 curtask_test_acc=0.9535 seen_acc=0.4684
  [plast_direct] task1 ep6/8 tr_acc=0.9514 curtask_test_acc=0.9540 seen_acc=0.4686
  [plast_direct] task1 ep7/8 tr_acc=0.9527 curtask_test_acc=0.9564 seen_acc=0.4698
  [plast_direct] task1 ep8/8 tr_acc=0.9570 curtask_test_acc=0.9569 seen_acc=0.4701
  [plast_direct] task2 ep1/8 tr_acc=0.0550 curtask_test_acc=0.5358 seen_acc=0.6185
  [plast_direct] task2 ep2/8 tr_acc=0.8623 curtask_test_acc=0.9280 seen_acc=0.2892
  [plast_direct] task2 ep3/8 tr_acc=0.9289 curtask_test_acc=0.9445 seen_acc=0.2935
  [plast_direct] task2 ep4/8 tr_acc=0.9441 curtask_test_acc=0.9568 seen_acc=0.2973
  [plast_direct] task2 ep5/8 tr_acc=0.9528 curtask_test_acc=0.9632 seen_acc=0.2993
  [plast_direct] task2 ep6/8 tr_acc=0.9584 curtask_test_acc=0.9674 seen_acc=0.3006
  [plast_direct] task2 ep7/8 tr_acc=0.9664 curtask_test_acc=0.9723 seen_acc=0.3021
  [plast_direct] task2 ep8/8 tr_acc=0.9666 curtask_test_acc=0.9744 seen_acc=0.3028
  [plast_direct] task3 ep1/8 tr_acc=0.1589 curtask_test_acc=0.8731 seen_acc=0.4419
  [plast_direct] task3 ep2/8 tr_acc=0.9714 curtask_test_acc=0.9849 seen_acc=0.2607
  [plast_direct] task3 ep3/8 tr_acc=0.9920 curtask_test_acc=0.9894 seen_acc=0.2454
  [plast_direct] task3 ep4/8 tr_acc=0.9942 curtask_test_acc=0.9904 seen_acc=0.2454
  [plast_direct] task3 ep5/8 tr_acc=0.9944 curtask_test_acc=0.9914 seen_acc=0.2456
  [plast_direct] task3 ep6/8 tr_acc=0.9941 curtask_test_acc=0.9904 seen_acc=0.2454
  [plast_direct] task3 ep7/8 tr_acc=0.9945 curtask_test_acc=0.9909 seen_acc=0.2455
  [plast_direct] task3 ep8/8 tr_acc=0.9961 curtask_test_acc=0.9914 seen_acc=0.2456
  [plast_direct] task4 ep1/8 tr_acc=0.2677 curtask_test_acc=0.9390 seen_acc=0.3273
  [plast_direct] task4 ep2/8 tr_acc=0.9456 curtask_test_acc=0.9476 seen_acc=0.2050
  [plast_direct] task4 ep3/8 tr_acc=0.9502 curtask_test_acc=0.9511 seen_acc=0.1887
  [plast_direct] task4 ep4/8 tr_acc=0.9487 curtask_test_acc=0.9516 seen_acc=0.1887
  [plast_direct] task4 ep5/8 tr_acc=0.9556 curtask_test_acc=0.9536 seen_acc=0.1891
  [plast_direct] task4 ep6/8 tr_acc=0.9525 curtask_test_acc=0.9561 seen_acc=0.1896
  [plast_direct] task4 ep7/8 tr_acc=0.9570 curtask_test_acc=0.9592 seen_acc=0.1902
  [plast_direct] task4 ep8/8 tr_acc=0.9598 curtask_test_acc=0.9602 seen_acc=0.1904
  [plast_direct] avg_final_acc=0.1920 forgetting=0.7841  (86.0s)
  [wm_bottleneck] task0 ep1/8 tr_acc=0.9897 curtask_test_acc=1.0000 seen_acc=1.0000
  [wm_bottleneck] task0 ep2/8 tr_acc=0.9989 curtask_test_acc=0.9991 seen_acc=0.9991
  [wm_bottleneck] task0 ep3/8 tr_acc=0.9988 curtask_test_acc=0.9991 seen_acc=0.9991
  [wm_bottleneck] task0 ep4/8 tr_acc=0.9994 curtask_test_acc=0.9995 seen_acc=0.9995
  [wm_bottleneck] task0 ep5/8 tr_acc=0.9989 curtask_test_acc=0.9986 seen_acc=0.9986
  [wm_bottleneck] task0 ep6/8 tr_acc=0.9992 curtask_test_acc=0.9995 seen_acc=0.9995
  [wm_bottleneck] task0 ep7/8 tr_acc=0.9988 curtask_test_acc=0.9995 seen_acc=0.9995
  [wm_bottleneck] task0 ep8/8 tr_acc=0.9994 curtask_test_acc=0.9991 seen_acc=0.9991
  [wm_bottleneck] task1 ep1/8 tr_acc=0.9070 curtask_test_acc=0.9799 seen_acc=0.4814
  [wm_bottleneck] task1 ep2/8 tr_acc=0.9788 curtask_test_acc=0.9868 seen_acc=0.4847
  [wm_bottleneck] task1 ep3/8 tr_acc=0.9867 curtask_test_acc=0.9902 seen_acc=0.4864
  [wm_bottleneck] task1 ep4/8 tr_acc=0.9894 curtask_test_acc=0.9931 seen_acc=0.4879
  [wm_bottleneck] task1 ep5/8 tr_acc=0.9909 curtask_test_acc=0.9927 seen_acc=0.4876
  [wm_bottleneck] task1 ep6/8 tr_acc=0.9927 curtask_test_acc=0.9936 seen_acc=0.4881
  [wm_bottleneck] task1 ep7/8 tr_acc=0.9947 curtask_test_acc=0.9956 seen_acc=0.4891
  [wm_bottleneck] task1 ep8/8 tr_acc=0.9938 curtask_test_acc=0.9941 seen_acc=0.4883
  [wm_bottleneck] task2 ep1/8 tr_acc=0.8666 curtask_test_acc=0.9851 seen_acc=0.3061
  [wm_bottleneck] task2 ep2/8 tr_acc=0.9898 curtask_test_acc=0.9936 seen_acc=0.3087
  [wm_bottleneck] task2 ep3/8 tr_acc=0.9933 curtask_test_acc=0.9952 seen_acc=0.3092
  [wm_bottleneck] task2 ep4/8 tr_acc=0.9961 curtask_test_acc=0.9947 seen_acc=0.3091
  [wm_bottleneck] task2 ep5/8 tr_acc=0.9975 curtask_test_acc=0.9973 seen_acc=0.3099
  [wm_bottleneck] task2 ep6/8 tr_acc=0.9978 curtask_test_acc=0.9963 seen_acc=0.3096
  [wm_bottleneck] task2 ep7/8 tr_acc=0.9978 curtask_test_acc=0.9947 seen_acc=0.3091
  [wm_bottleneck] task2 ep8/8 tr_acc=0.9980 curtask_test_acc=0.9963 seen_acc=0.3096
  [wm_bottleneck] task3 ep1/8 tr_acc=0.8497 curtask_test_acc=0.9930 seen_acc=0.2460
  [wm_bottleneck] task3 ep2/8 tr_acc=0.9980 curtask_test_acc=0.9940 seen_acc=0.2462
  [wm_bottleneck] task3 ep3/8 tr_acc=0.9986 curtask_test_acc=0.9955 seen_acc=0.2466
  [wm_bottleneck] task3 ep4/8 tr_acc=0.9995 curtask_test_acc=0.9950 seen_acc=0.2465
  [wm_bottleneck] task3 ep5/8 tr_acc=0.9998 curtask_test_acc=0.9970 seen_acc=0.2470
  [wm_bottleneck] task3 ep6/8 tr_acc=0.9997 curtask_test_acc=0.9950 seen_acc=0.2465
  [wm_bottleneck] task3 ep7/8 tr_acc=1.0000 curtask_test_acc=0.9965 seen_acc=0.2469
  [wm_bottleneck] task3 ep8/8 tr_acc=0.9998 curtask_test_acc=0.9965 seen_acc=0.2469
  [wm_bottleneck] task4 ep1/8 tr_acc=0.8300 curtask_test_acc=0.9818 seen_acc=0.1947
  [wm_bottleneck] task4 ep2/8 tr_acc=0.9814 curtask_test_acc=0.9818 seen_acc=0.1947
  [wm_bottleneck] task4 ep3/8 tr_acc=0.9884 curtask_test_acc=0.9864 seen_acc=0.1956
  [wm_bottleneck] task4 ep4/8 tr_acc=0.9884 curtask_test_acc=0.9864 seen_acc=0.1956
  [wm_bottleneck] task4 ep5/8 tr_acc=0.9927 curtask_test_acc=0.9839 seen_acc=0.1951
  [wm_bottleneck] task4 ep6/8 tr_acc=0.9917 curtask_test_acc=0.9879 seen_acc=0.1959
  [wm_bottleneck] task4 ep7/8 tr_acc=0.9930 curtask_test_acc=0.9894 seen_acc=0.1962
  [wm_bottleneck] task4 ep8/8 tr_acc=0.9947 curtask_test_acc=0.9823 seen_acc=0.1948
  [wm_bottleneck] avg_final_acc=0.1965 forgetting=0.7972  (106.9s)
  [wm_random] task0 ep1/8 tr_acc=0.9908 curtask_test_acc=0.9972 seen_acc=0.9972
  [wm_random] task0 ep2/8 tr_acc=0.9977 curtask_test_acc=0.9991 seen_acc=0.9991
  [wm_random] task0 ep3/8 tr_acc=0.9978 curtask_test_acc=1.0000 seen_acc=1.0000
  [wm_random] task0 ep4/8 tr_acc=0.9997 curtask_test_acc=0.9995 seen_acc=0.9995
  [wm_random] task0 ep5/8 tr_acc=0.9994 curtask_test_acc=0.9991 seen_acc=0.9991
  [wm_random] task0 ep6/8 tr_acc=0.9992 curtask_test_acc=0.9995 seen_acc=0.9995
  [wm_random] task0 ep7/8 tr_acc=0.9998 curtask_test_acc=0.9995 seen_acc=0.9995
  [wm_random] task0 ep8/8 tr_acc=0.9992 curtask_test_acc=0.9991 seen_acc=0.9991
  [wm_random] task1 ep1/8 tr_acc=0.8958 curtask_test_acc=0.9789 seen_acc=0.4809
  [wm_random] task1 ep2/8 tr_acc=0.9800 curtask_test_acc=0.9907 seen_acc=0.4866
  [wm_random] task1 ep3/8 tr_acc=0.9856 curtask_test_acc=0.9917 seen_acc=0.4871
  [wm_random] task1 ep4/8 tr_acc=0.9888 curtask_test_acc=0.9887 seen_acc=0.4857
  [wm_random] task1 ep5/8 tr_acc=0.9931 curtask_test_acc=0.9927 seen_acc=0.4876
  [wm_random] task1 ep6/8 tr_acc=0.9942 curtask_test_acc=0.9931 seen_acc=0.4879
  [wm_random] task1 ep7/8 tr_acc=0.9947 curtask_test_acc=0.9956 seen_acc=0.4891
  [wm_random] task1 ep8/8 tr_acc=0.9961 curtask_test_acc=0.9961 seen_acc=0.4893
  [wm_random] task2 ep1/8 tr_acc=0.8806 curtask_test_acc=0.9963 seen_acc=0.3096
  [wm_random] task2 ep2/8 tr_acc=0.9925 curtask_test_acc=0.9979 seen_acc=0.3101
  [wm_random] task2 ep3/8 tr_acc=0.9955 curtask_test_acc=0.9989 seen_acc=0.3104
  [wm_random] task2 ep4/8 tr_acc=0.9972 curtask_test_acc=0.9984 seen_acc=0.3102
  [wm_random] task2 ep5/8 tr_acc=0.9989 curtask_test_acc=0.9973 seen_acc=0.3099
  [wm_random] task2 ep6/8 tr_acc=0.9988 curtask_test_acc=0.9995 seen_acc=0.3106
  [wm_random] task2 ep7/8 tr_acc=0.9980 curtask_test_acc=0.9973 seen_acc=0.3099
  [wm_random] task2 ep8/8 tr_acc=0.9998 curtask_test_acc=0.9989 seen_acc=0.3104
  [wm_random] task3 ep1/8 tr_acc=0.8877 curtask_test_acc=0.9940 seen_acc=0.2462
  [wm_random] task3 ep2/8 tr_acc=0.9983 curtask_test_acc=0.9950 seen_acc=0.2465
  [wm_random] task3 ep3/8 tr_acc=0.9992 curtask_test_acc=0.9965 seen_acc=0.2469
  [wm_random] task3 ep4/8 tr_acc=0.9997 curtask_test_acc=0.9960 seen_acc=0.2467
  [wm_random] task3 ep5/8 tr_acc=1.0000 curtask_test_acc=0.9970 seen_acc=0.2470
  [wm_random] task3 ep6/8 tr_acc=0.9998 curtask_test_acc=0.9975 seen_acc=0.2471
  [wm_random] task3 ep7/8 tr_acc=0.9998 curtask_test_acc=0.9980 seen_acc=0.2472
  [wm_random] task3 ep8/8 tr_acc=0.9997 curtask_test_acc=0.9975 seen_acc=0.2471
  [wm_random] task4 ep1/8 tr_acc=0.8494 curtask_test_acc=0.9718 seen_acc=0.1927
  [wm_random] task4 ep2/8 tr_acc=0.9784 curtask_test_acc=0.9829 seen_acc=0.1949
  [wm_random] task4 ep3/8 tr_acc=0.9858 curtask_test_acc=0.9798 seen_acc=0.1943
  [wm_random] task4 ep4/8 tr_acc=0.9859 curtask_test_acc=0.9834 seen_acc=0.1950
  [wm_random] task4 ep5/8 tr_acc=0.9895 curtask_test_acc=0.9889 seen_acc=0.1961
  [wm_random] task4 ep6/8 tr_acc=0.9898 curtask_test_acc=0.9884 seen_acc=0.1960
  [wm_random] task4 ep7/8 tr_acc=0.9916 curtask_test_acc=0.9894 seen_acc=0.1962
  [wm_random] task4 ep8/8 tr_acc=0.9912 curtask_test_acc=0.9904 seen_acc=0.1964
  [wm_random] avg_final_acc=0.1981 forgetting=0.7983  (78.8s)
  [wm_direct] task0 ep1/8 tr_acc=0.9889 curtask_test_acc=0.9986 seen_acc=0.9986
  [wm_direct] task0 ep2/8 tr_acc=0.9983 curtask_test_acc=0.9991 seen_acc=0.9991
  [wm_direct] task0 ep3/8 tr_acc=0.9986 curtask_test_acc=0.9986 seen_acc=0.9981
  [wm_direct] task0 ep4/8 tr_acc=0.9986 curtask_test_acc=0.9991 seen_acc=0.9991
  [wm_direct] task0 ep5/8 tr_acc=0.9992 curtask_test_acc=0.9995 seen_acc=0.9995
  [wm_direct] task0 ep6/8 tr_acc=0.9994 curtask_test_acc=0.9995 seen_acc=0.9995
  [wm_direct] task0 ep7/8 tr_acc=0.9998 curtask_test_acc=0.9991 seen_acc=0.9991
  [wm_direct] task0 ep8/8 tr_acc=0.9992 curtask_test_acc=0.9991 seen_acc=0.9991
  [wm_direct] task1 ep1/8 tr_acc=0.9073 curtask_test_acc=0.9765 seen_acc=0.4797
  [wm_direct] task1 ep2/8 tr_acc=0.9786 curtask_test_acc=0.9809 seen_acc=0.4818
  [wm_direct] task1 ep3/8 tr_acc=0.9830 curtask_test_acc=0.9863 seen_acc=0.4845
  [wm_direct] task1 ep4/8 tr_acc=0.9869 curtask_test_acc=0.9882 seen_acc=0.4854
  [wm_direct] task1 ep5/8 tr_acc=0.9878 curtask_test_acc=0.9917 seen_acc=0.4871
  [wm_direct] task1 ep6/8 tr_acc=0.9914 curtask_test_acc=0.9902 seen_acc=0.4864
  [wm_direct] task1 ep7/8 tr_acc=0.9912 curtask_test_acc=0.9887 seen_acc=0.4857
  [wm_direct] task1 ep8/8 tr_acc=0.9936 curtask_test_acc=0.9917 seen_acc=0.4871
  [wm_direct] task2 ep1/8 tr_acc=0.8836 curtask_test_acc=0.9952 seen_acc=0.3092
  [wm_direct] task2 ep2/8 tr_acc=0.9925 curtask_test_acc=0.9957 seen_acc=0.3094
  [wm_direct] task2 ep3/8 tr_acc=0.9962 curtask_test_acc=0.9973 seen_acc=0.3099
  [wm_direct] task2 ep4/8 tr_acc=0.9962 curtask_test_acc=0.9973 seen_acc=0.3099
  [wm_direct] task2 ep5/8 tr_acc=0.9967 curtask_test_acc=0.9973 seen_acc=0.3099
  [wm_direct] task2 ep6/8 tr_acc=0.9980 curtask_test_acc=0.9979 seen_acc=0.3101
  [wm_direct] task2 ep7/8 tr_acc=0.9986 curtask_test_acc=0.9979 seen_acc=0.3101
  [wm_direct] task2 ep8/8 tr_acc=0.9994 curtask_test_acc=0.9973 seen_acc=0.3099
  [wm_direct] task3 ep1/8 tr_acc=0.8591 curtask_test_acc=0.9945 seen_acc=0.2464
  [wm_direct] task3 ep2/8 tr_acc=0.9980 curtask_test_acc=0.9960 seen_acc=0.2467
  [wm_direct] task3 ep3/8 tr_acc=0.9989 curtask_test_acc=0.9970 seen_acc=0.2470
  [wm_direct] task3 ep4/8 tr_acc=0.9995 curtask_test_acc=0.9985 seen_acc=0.2473
  [wm_direct] task3 ep5/8 tr_acc=0.9998 curtask_test_acc=0.9990 seen_acc=0.2475
  [wm_direct] task3 ep6/8 tr_acc=1.0000 curtask_test_acc=0.9985 seen_acc=0.2473
  [wm_direct] task3 ep7/8 tr_acc=1.0000 curtask_test_acc=0.9985 seen_acc=0.2473
  [wm_direct] task3 ep8/8 tr_acc=1.0000 curtask_test_acc=0.9985 seen_acc=0.2473
  [wm_direct] task4 ep1/8 tr_acc=0.7816 curtask_test_acc=0.9773 seen_acc=0.1938
  [wm_direct] task4 ep2/8 tr_acc=0.9794 curtask_test_acc=0.9818 seen_acc=0.1947
  [wm_direct] task4 ep3/8 tr_acc=0.9844 curtask_test_acc=0.9818 seen_acc=0.1947
  [wm_direct] task4 ep4/8 tr_acc=0.9891 curtask_test_acc=0.9859 seen_acc=0.1955
  [wm_direct] task4 ep5/8 tr_acc=0.9883 curtask_test_acc=0.9849 seen_acc=0.1953
  [wm_direct] task4 ep6/8 tr_acc=0.9898 curtask_test_acc=0.9859 seen_acc=0.1955
  [wm_direct] task4 ep7/8 tr_acc=0.9894 curtask_test_acc=0.9859 seen_acc=0.1955
  [wm_direct] task4 ep8/8 tr_acc=0.9897 curtask_test_acc=0.9884 seen_acc=0.1960
  [wm_direct] avg_final_acc=0.1977 forgetting=0.7973  (1044.5s)
  [wm_surprise] task0 ep1/8 tr_acc=0.9892 curtask_test_acc=0.9957 seen_acc=0.9957
  [wm_surprise] task0 ep2/8 tr_acc=0.9983 curtask_test_acc=0.9995 seen_acc=0.9995
