
################################################################################
REGIME = standard   naive=0.9799 gain=0.9803
(rank) projection P_1 shape=(8, 400)  singular values=[7.933, 7.412, 7.274, 7.091, 6.917, 6.752, 6.55, 6.441]  eff_rank=7.97  (cap = k = 8)
  task0 (digits [0, 1]):
    (1) gain delta: mean=+0.0794 std=1.5503 [-7.926,+7.115]   gain: mean=+1.0794 frac(gain<0)=0.185
    (3) gain-set eff_rank=2.89  (cap = k = 8)  top-8 sv=[348.29, 133.19, 99.65, 37.97, 13.63, 11.99, 10.24, 5.95]
    (4) ||h2_naive||=35.798  ||h2_gain||=61.977  ||Δ||=52.368  ||Δ||/||naive||=1.587  cos=0.536
  task4 (digits [8, 9]):
    (1) gain delta: mean=+0.1202 std=1.5167 [-8.325,+8.420]   gain: mean=+1.1202 frac(gain<0)=0.202
    (3) gain-set eff_rank=3.81  (cap = k = 8)  top-8 sv=[244.54, 120.49, 91.41, 64.78, 23.86, 14.59, 10.67, 7.78]
    (4) ||h2_naive||=32.945  ||h2_gain||=66.142  ||Δ||=56.528  ||Δ||/||naive||=1.719  cos=0.530

################################################################################
REGIME = cl   (class-IL)
(rank) projection P_1 shape=(8, 400)  singular values=[7.933, 7.412, 7.274, 7.091, 6.917, 6.752, 6.55, 6.441]  eff_rank=7.97  (cap = k = 8)
  task0 (digits [0, 1]):
    (1) gain delta: mean=+0.0065 std=0.1485 [-1.259,+1.739]   gain: mean=+1.0065 frac(gain<0)=0.000
    (3) gain-set eff_rank=1.75  (cap = k = 8)  top-8 sv=[41.31, 9.64, 2.77, 1.83, 0.57, 0.21, 0.03, 0.01]
    (4) ||h2_naive||=16.961  ||h2_gain||=25.142  ||Δ||=29.803  ||Δ||/||naive||=1.854  cos=0.062
  task4 (digits [8, 9]):
    (1) gain delta: mean=+0.0194 std=0.4249 [-3.228,+4.552]   gain: mean=+1.0194 frac(gain<0)=0.019
    (3) gain-set eff_rank=1.05  (cap = k = 8)  top-8 sv=[139.83, 2.14, 1.0, 0.23, 0.0, 0.0, 0.0, 0.0]
    (4) ||h2_naive||=23.221  ||h2_gain||=31.288  ||Δ||=37.696  ||Δ||/||naive||=1.650  cos=0.078
