
===== full-rank, shared LR (as swept): rank=0 mod_lr_mult=1.0 =====
  after task 0: mask[min=0.8180 max=0.9993 mean=0.9898 std=0.0025] max cross-task mask diff=0.0000
  after task 1: mask[min=0.9793 max=0.9946 mean=0.9900 std=0.0005] max cross-task mask diff=0.0014
  after task 2: mask[min=0.0001 max=1.0000 mean=0.9860 std=0.0483] max cross-task mask diff=0.2419
  after task 3: mask[min=0.0001 max=1.0000 mean=0.9843 std=0.0568] max cross-task mask diff=0.2608
  after task 4: mask[min=0.0000 max=1.0000 mean=0.9542 std=0.1710] max cross-task mask diff=0.2805
  per-task acc: [0.0, 0.0, 0.0, 0.0, 0.998]  avg=0.1996

===== full-rank, modulator LR x50 (checklist item 4): rank=0 mod_lr_mult=50.0 =====
  after task 0: mask[min=0.0000 max=1.0000 mean=0.5841 std=0.4924] max cross-task mask diff=0.0000
  after task 1: mask[min=0.0000 max=1.0000 mean=0.5819 std=0.4929] max cross-task mask diff=0.2081
  after task 2: mask[min=0.0000 max=1.0000 mean=0.5814 std=0.4930] max cross-task mask diff=0.3246
  after task 3: mask[min=0.0000 max=1.0000 mean=0.5802 std=0.4933] max cross-task mask diff=0.6906
  after task 4: mask[min=0.0000 max=1.0000 mean=0.5815 std=0.4932] max cross-task mask diff=0.2598
  per-task acc: [0.0, 0.0, 0.0, 0.0, 0.998]  avg=0.1997

===== low-rank r=16, modulator LR x50 (checklist items 1/10): rank=16 mod_lr_mult=50.0 =====
  after task 0: mask[min=0.0000 max=1.0000 mean=0.4992 std=0.5000] max cross-task mask diff=0.0000
  after task 1: mask[min=0.0000 max=1.0000 mean=0.4995 std=0.5000] max cross-task mask diff=0.0676
  after task 2: mask[min=0.0000 max=1.0000 mean=0.4999 std=0.5000] max cross-task mask diff=0.5154
  after task 3: mask[min=0.0000 max=1.0000 mean=0.4983 std=0.5000] max cross-task mask diff=0.4948
  after task 4: mask[min=0.0000 max=1.0000 mean=0.4986 std=0.5000] max cross-task mask diff=0.3123
  per-task acc: [0.0, 0.0, 0.0, 0.0, 0.998]  avg=0.1997
