==== lambda sweep on validation sequence (seed=7, naive, class-IL) ====
After task 1/5 | seen tasks: [0.998]
After task 2/5 | seen tasks: [0.000, 0.999]
After task 3/5 | seen tasks: [0.000, 0.000, 0.993]
After task 4/5 | seen tasks: [0.000, 0.000, 0.000, 0.990]
After task 5/5 | seen tasks: [0.000, 0.000, 0.000, 0.000, 0.998]
[importance debug] mean gate = 0.8940, min gate = 0.0016

avg_final_acc=0.1996 | forgetting=0.7959
>>> lambda=1.0      val_acc=0.1996 forget=0.7959

After task 1/5 | seen tasks: [0.998]
After task 2/5 | seen tasks: [0.000, 0.998]
After task 3/5 | seen tasks: [0.000, 0.000, 0.989]
After task 4/5 | seen tasks: [0.000, 0.000, 0.000, 0.993]
After task 5/5 | seen tasks: [0.000, 0.000, 0.000, 0.000, 0.998]
[importance debug] mean gate = 0.7997, min gate = 0.0001

avg_final_acc=0.1997 | forgetting=0.7956
>>> lambda=10.0     val_acc=0.1997 forget=0.7956

After task 1/5 | seen tasks: [0.997]
After task 2/5 | seen tasks: [0.000, 0.999]
After task 3/5 | seen tasks: [0.000, 0.000, 0.994]
After task 4/5 | seen tasks: [0.000, 0.000, 0.000, 0.990]
After task 5/5 | seen tasks: [0.000, 0.000, 0.000, 0.000, 0.998]
[importance debug] mean gate = 0.6525, min gate = 0.0000

avg_final_acc=0.1997 | forgetting=0.7961
>>> lambda=100.0    val_acc=0.1997 forget=0.7961

After task 1/5 | seen tasks: [0.997]
After task 2/5 | seen tasks: [0.000, 0.999]
After task 3/5 | seen tasks: [0.000, 0.000, 0.991]
After task 4/5 | seen tasks: [0.000, 0.000, 0.000, 0.991]
After task 5/5 | seen tasks: [0.000, 0.000, 0.000, 0.000, 0.998]
[importance debug] mean gate = 0.4431, min gate = 0.0000

avg_final_acc=0.1996 | forgetting=0.7956
>>> lambda=1000.0   val_acc=0.1996 forget=0.7956

After task 1/5 | seen tasks: [0.997]
After task 2/5 | seen tasks: [0.000, 1.000]
After task 3/5 | seen tasks: [0.000, 0.000, 0.993]
After task 4/5 | seen tasks: [0.000, 0.000, 0.000, 0.994]
After task 5/5 | seen tasks: [0.000, 0.000, 0.000, 0.000, 0.998]
[importance debug] mean gate = 0.2545, min gate = 0.0000

avg_final_acc=0.1997 | forgetting=0.7966
>>> lambda=10000.0  val_acc=0.1997 forget=0.7966

BEST lambda (val) = 10.0

==== 3-seed test (class-IL) at best lambda ====
After task 1/5 | seen tasks: [1.000]
After task 2/5 | seen tasks: [0.000, 0.989]
After task 3/5 | seen tasks: [0.000, 0.000, 0.998]
After task 4/5 | seen tasks: [0.000, 0.000, 0.000, 0.998]
After task 5/5 | seen tasks: [0.000, 0.000, 0.000, 0.000, 0.990]
[importance debug] mean gate = 0.8077, min gate = 0.0001

avg_final_acc=0.1980 | forgetting=0.7970
After task 1/5 | seen tasks: [1.000]
After task 2/5 | seen tasks: [0.000, 0.993]
After task 3/5 | seen tasks: [0.000, 0.000, 0.997]
After task 4/5 | seen tasks: [0.000, 0.000, 0.000, 0.998]
After task 5/5 | seen tasks: [0.000, 0.000, 0.000, 0.000, 0.990]
[importance debug] mean gate = 0.8062, min gate = 0.0003

avg_final_acc=0.1981 | forgetting=0.7976
After task 1/5 | seen tasks: [0.998]
After task 2/5 | seen tasks: [0.000, 0.996]
After task 3/5 | seen tasks: [0.000, 0.000, 0.998]
After task 4/5 | seen tasks: [0.000, 0.000, 0.000, 0.997]
After task 5/5 | seen tasks: [0.000, 0.000, 0.000, 0.000, 0.985]
[importance debug] mean gate = 0.8106, min gate = 0.0002

avg_final_acc=0.1970 | forgetting=0.7978
>>> importance + naive           acc=0.1977±0.0005  forget=0.7975±0.0003
After task 1/5 | seen tasks: [0.999]
After task 2/5 | seen tasks: [0.311, 0.986]
After task 3/5 | seen tasks: [0.186, 0.275, 0.994]
After task 4/5 | seen tasks: [0.032, 0.185, 0.648, 0.924]
After task 5/5 | seen tasks: [0.047, 0.137, 0.401, 0.846, 0.727]
[importance debug] mean gate = 0.9395, min gate = 0.0132

avg_final_acc=0.4317 | forgetting=0.4943
After task 1/5 | seen tasks: [1.000]
After task 2/5 | seen tasks: [0.384, 0.975]
After task 3/5 | seen tasks: [0.111, 0.302, 0.997]
After task 4/5 | seen tasks: [0.055, 0.109, 0.697, 0.982]
After task 5/5 | seen tasks: [0.000, 0.063, 0.236, 0.731, 0.801]
[importance debug] mean gate = 0.9262, min gate = 0.0095

avg_final_acc=0.3662 | forgetting=0.5849
After task 1/5 | seen tasks: [1.000]
After task 2/5 | seen tasks: [0.184, 0.984]
After task 3/5 | seen tasks: [0.097, 0.427, 0.994]
After task 4/5 | seen tasks: [0.070, 0.330, 0.811, 0.512]
After task 5/5 | seen tasks: [0.015, 0.142, 0.529, 0.406, 0.881]
[importance debug] mean gate = 0.9366, min gate = 0.0054

avg_final_acc=0.3947 | forgetting=0.4794
>>> importance + naive + maskloss acc=0.3975±0.0268  forget=0.5195±0.0466
After task 1/5 | seen tasks: [0.999]
After task 2/5 | seen tasks: [0.984, 0.989]
After task 3/5 | seen tasks: [0.978, 0.908, 0.998]
After task 4/5 | seen tasks: [0.963, 0.909, 0.914, 0.993]
After task 5/5 | seen tasks: [0.942, 0.844, 0.843, 0.921, 0.991]
[importance debug] mean gate = 0.8168, min gate = 0.0100

avg_final_acc=0.9083 | forgetting=0.0858
After task 1/5 | seen tasks: [1.000]
After task 2/5 | seen tasks: [0.980, 0.995]
After task 3/5 | seen tasks: [0.976, 0.936, 0.996]
After task 4/5 | seen tasks: [0.965, 0.921, 0.919, 0.993]
After task 5/5 | seen tasks: [0.951, 0.876, 0.818, 0.858, 0.995]
[importance debug] mean gate = 0.8166, min gate = 0.0075

avg_final_acc=0.8994 | forgetting=0.0964
After task 1/5 | seen tasks: [0.999]
After task 2/5 | seen tasks: [0.985, 0.993]
After task 3/5 | seen tasks: [0.973, 0.925, 0.998]
After task 4/5 | seen tasks: [0.955, 0.917, 0.914, 0.991]
After task 5/5 | seen tasks: [0.932, 0.869, 0.811, 0.913, 0.990]
[importance debug] mean gate = 0.8173, min gate = 0.0114

avg_final_acc=0.9029 | forgetting=0.0914
>>> importance + ER              acc=0.9035±0.0037  forget=0.0912±0.0043

==== ITERATION 7 SUMMARY (class-IL, 3 seeds, lambda=10.0) ====
Naive=0.1979  naive+maskloss=0.3777  ER=0.9023
(A) importance+naive          = 0.1977±0.0005  beats_naive_5pts=False
    importance+naive+maskloss = 0.3975±0.0268  beats_naive+maskloss=True
(B) importance+ER             = 0.9035±0.0037  beats_er_2pts=False  delta=+0.0012
