==== Naive (no neuromod) across regimes ====
After task 1/5 | seen tasks: [0.999]
After task 2/5 | seen tasks: [0.000, 0.995]
After task 3/5 | seen tasks: [0.000, 0.000, 0.999]
After task 4/5 | seen tasks: [0.000, 0.000, 0.000, 0.998]
After task 5/5 | seen tasks: [0.000, 0.000, 0.000, 0.000, 0.988]

avg_final_acc=0.1977 | forgetting=0.7981
>>> naive                              [none  ]  acc=0.1977  forget=0.7981

After task 1/5 | seen tasks: [0.999]
After task 2/5 | seen tasks: [0.204, 0.988]
After task 3/5 | seen tasks: [0.113, 0.307, 0.996]
After task 4/5 | seen tasks: [0.035, 0.288, 0.871, 0.936]
After task 5/5 | seen tasks: [0.017, 0.104, 0.420, 0.701, 0.705]

avg_final_acc=0.3894 | forgetting=0.5355
>>> naive                              [loss  ]  acc=0.3894  forget=0.5355

After task 1/5 | seen tasks: [0.999]
After task 2/5 | seen tasks: [0.997, 0.996]
After task 3/5 | seen tasks: [0.855, 0.964, 0.999]
After task 4/5 | seen tasks: [0.923, 0.854, 0.993, 0.999]
After task 5/5 | seen tasks: [0.912, 0.810, 0.940, 0.985, 0.996]

avg_final_acc=0.9286 | forgetting=0.0695
>>> naive                              [taskil]  acc=0.9286  forget=0.0695

==== weight_mask (pt2 Iter 2 mechanism) ====
After task 1/5 | seen tasks: [1.000]
After task 2/5 | seen tasks: [0.000, 0.996]
After task 3/5 | seen tasks: [0.000, 0.000, 0.998]
After task 4/5 | seen tasks: [0.000, 0.000, 0.000, 0.998]
After task 5/5 | seen tasks: [0.000, 0.000, 0.000, 0.000, 0.989]

avg_final_acc=0.1979 | forgetting=0.7984
>>> weight_mask                        [none  ]  acc=0.1979  forget=0.7984

After task 1/5 | seen tasks: [0.999]
After task 2/5 | seen tasks: [0.994, 0.995]
After task 3/5 | seen tasks: [0.760, 0.970, 0.998]
After task 4/5 | seen tasks: [0.702, 0.944, 0.987, 0.999]
After task 5/5 | seen tasks: [0.670, 0.727, 0.956, 0.993, 0.996]

avg_final_acc=0.8685 | forgetting=0.1289
>>> weight_mask                        [taskil]  acc=0.8685  forget=0.1289

==== activation gain (sprint mechanism) ====
After task 1/5 | seen tasks: [1.000]
After task 2/5 | seen tasks: [0.000, 0.989]
After task 3/5 | seen tasks: [0.000, 0.000, 0.999]
After task 4/5 | seen tasks: [0.000, 0.000, 0.000, 0.998]
After task 5/5 | seen tasks: [0.000, 0.000, 0.000, 0.000, 0.984]

avg_final_acc=0.1968 | forgetting=0.7970
>>> activation_gain                    [none  ]  acc=0.1968  forget=0.7970

After task 1/5 | seen tasks: [1.000]
After task 2/5 | seen tasks: [0.998, 0.997]
After task 3/5 | seen tasks: [0.915, 0.970, 1.000]
After task 4/5 | seen tasks: [0.714, 0.870, 0.981, 0.999]
After task 5/5 | seen tasks: [0.876, 0.731, 0.906, 0.995, 0.996]

avg_final_acc=0.9009 | forgetting=0.0975
>>> activation_gain                    [taskil]  acc=0.9009  forget=0.0975

==== ITERATION 5 DIAGNOSTIC SUMMARY (seed=42, test seq) ====
mechanism          regime    avg_final_acc   forgetting
naive              none             0.1977       0.7981
naive              loss             0.3894       0.5355
naive              taskil           0.9286       0.0695
weight_mask        none             0.1979       0.7984
weight_mask        taskil           0.8685       0.1289
activation_gain    none             0.1968       0.7970
activation_gain    taskil           0.9009       0.0975

-- decision gate --
Naive forgetting: class-IL(none)=0.7981  loss=0.5355  taskil=0.0695
Naive avg acc:    class-IL(none)=0.1977  loss=0.3894  taskil=0.9286
Forgetting drop (none -> taskil) = 0.7286  => head_is_bottleneck = True
