
################ metric=classil  optimizer=sgd ################
After task 1/5 | seen tasks: [0.997]
After task 2/5 | seen tasks: [0.992, 0.797]
After task 3/5 | seen tasks: [0.965, 0.517, 0.774]
After task 4/5 | seen tasks: [0.959, 0.479, 0.742, 0.719]
After task 5/5 | seen tasks: [0.916, 0.322, 0.740, 0.688, 0.483]

avg_final_acc=0.6296 | forgetting=0.1245
>>> [classil sgd] naive (baseline)                   acc=0.6296  forget=0.1245
After task 1/5 | seen tasks: [0.998]
After task 2/5 | seen tasks: [0.957, 0.941]
After task 3/5 | seen tasks: [0.948, 0.639, 0.956]
After task 4/5 | seen tasks: [0.950, 0.751, 0.630, 0.969]
After task 5/5 | seen tasks: [0.934, 0.668, 0.366, 0.703, 0.942]

avg_final_acc=0.7226 | forgetting=0.2385
>>> [classil sgd] er (baseline)                      acc=0.7226  forget=0.2385
After task 1/5 | seen tasks: [0.997]
After task 2/5 | seen tasks: [0.992, 0.799]
After task 3/5 | seen tasks: [0.966, 0.517, 0.776]
After task 4/5 | seen tasks: [0.960, 0.481, 0.743, 0.721]
After task 5/5 | seen tasks: [0.916, 0.325, 0.741, 0.690, 0.484]
[pt5 debug] target=activation granularity=neuron scope=- layers=0,2 projection=learned modulate_bias=False optimizer=sgd driver=task_id=onehot method=naive masking=loss

avg_final_acc=0.6311 | forgetting=0.1242
>>> [classil sgd] gain-neuron neurom                 acc=0.6311  forget=0.1242
After task 1/5 | seen tasks: [0.998]
After task 2/5 | seen tasks: [0.957, 0.941]
After task 3/5 | seen tasks: [0.948, 0.643, 0.956]
After task 4/5 | seen tasks: [0.951, 0.755, 0.639, 0.969]
After task 5/5 | seen tasks: [0.937, 0.672, 0.375, 0.711, 0.942]
[pt5 debug] target=activation granularity=neuron scope=- layers=0,2 projection=learned modulate_bias=False optimizer=sgd driver=task_id=onehot method=er masking=none

avg_final_acc=0.7271 | forgetting=0.2340
>>> [classil sgd] gain-neuron neurom+er              acc=0.7271  forget=0.2340
After task 1/5 | seen tasks: [0.997]
After task 2/5 | seen tasks: [0.992, 0.796]
After task 3/5 | seen tasks: [0.965, 0.518, 0.775]
After task 4/5 | seen tasks: [0.959, 0.479, 0.740, 0.721]
After task 5/5 | seen tasks: [0.915, 0.317, 0.742, 0.694, 0.478]
[pt5 debug] target=activation granularity=synapse scope=- layers=0,2 projection=learned modulate_bias=False optimizer=sgd driver=task_id=onehot method=naive masking=loss

avg_final_acc=0.6295 | forgetting=0.1239
>>> [classil sgd] gain-synapse neurom                acc=0.6295  forget=0.1239
After task 1/5 | seen tasks: [0.998]
After task 2/5 | seen tasks: [0.959, 0.942]
After task 3/5 | seen tasks: [0.942, 0.637, 0.954]
After task 4/5 | seen tasks: [0.943, 0.747, 0.598, 0.968]
After task 5/5 | seen tasks: [0.931, 0.663, 0.360, 0.734, 0.945]
[pt5 debug] target=activation granularity=synapse scope=- layers=0,2 projection=learned modulate_bias=False optimizer=sgd driver=task_id=onehot method=er masking=none

avg_final_acc=0.7266 | forgetting=0.2347
>>> [classil sgd] gain-synapse neurom+er             acc=0.7266  forget=0.2347
After task 1/5 | seen tasks: [0.996]
After task 2/5 | seen tasks: [0.992, 0.785]
After task 3/5 | seen tasks: [0.979, 0.524, 0.751]
After task 4/5 | seen tasks: [0.975, 0.479, 0.703, 0.795]
After task 5/5 | seen tasks: [0.943, 0.320, 0.669, 0.753, 0.544]
[pt5 debug] target=plasticity granularity=neuron scope=both layers=0,2,4 projection=learned modulate_bias=False optimizer=sgd driver=task_id=onehot method=naive masking=loss

avg_final_acc=0.6456 | forgetting=0.1285
>>> [classil sgd] plast-neuron neurom                acc=0.6456  forget=0.1285
After task 1/5 | seen tasks: [0.997]
After task 2/5 | seen tasks: [0.943, 0.937]
After task 3/5 | seen tasks: [0.923, 0.320, 0.943]
After task 4/5 | seen tasks: [0.930, 0.553, 0.145, 0.972]
After task 5/5 | seen tasks: [0.916, 0.524, 0.031, 0.420, 0.947]
[pt5 debug] target=plasticity granularity=neuron scope=both layers=0,2,4 projection=learned modulate_bias=False optimizer=sgd driver=task_id=onehot method=er masking=none

avg_final_acc=0.5676 | forgetting=0.3917
>>> [classil sgd] plast-neuron neurom+er             acc=0.5676  forget=0.3917
After task 1/5 | seen tasks: [0.996]
After task 2/5 | seen tasks: [0.993, 0.751]
After task 3/5 | seen tasks: [0.985, 0.517, 0.723]
After task 4/5 | seen tasks: [0.983, 0.474, 0.677, 0.776]
After task 5/5 | seen tasks: [0.968, 0.323, 0.635, 0.756, 0.533]
[pt5 debug] target=plasticity granularity=synapse scope=- layers=0,2 projection=learned modulate_bias=False optimizer=sgd driver=task_id=onehot method=naive masking=loss

avg_final_acc=0.6430 | forgetting=0.1130
>>> [classil sgd] plast-synapse neurom               acc=0.6430  forget=0.1130
After task 1/5 | seen tasks: [0.997]
After task 2/5 | seen tasks: [0.951, 0.937]
After task 3/5 | seen tasks: [0.930, 0.364, 0.944]
After task 4/5 | seen tasks: [0.935, 0.592, 0.211, 0.970]
After task 5/5 | seen tasks: [0.922, 0.544, 0.071, 0.444, 0.944]
[pt5 debug] target=plasticity granularity=synapse scope=- layers=0,2 projection=learned modulate_bias=False optimizer=sgd driver=task_id=onehot method=er masking=none

avg_final_acc=0.5847 | forgetting=0.3736
>>> [classil sgd] plast-synapse neurom+er            acc=0.5847  forget=0.3736

################ metric=classil  optimizer=adam ################
After task 1/5 | seen tasks: [0.999]
After task 2/5 | seen tasks: [0.204, 0.988]
After task 3/5 | seen tasks: [0.113, 0.307, 0.996]
After task 4/5 | seen tasks: [0.035, 0.288, 0.871, 0.936]
After task 5/5 | seen tasks: [0.017, 0.104, 0.420, 0.701, 0.705]

avg_final_acc=0.3894 | forgetting=0.5355
>>> [classil adam] naive (baseline)                  acc=0.3894  forget=0.5355
After task 1/5 | seen tasks: [0.999]
After task 2/5 | seen tasks: [0.988, 0.986]
After task 3/5 | seen tasks: [0.974, 0.892, 0.997]
After task 4/5 | seen tasks: [0.966, 0.906, 0.899, 0.990]
After task 5/5 | seen tasks: [0.945, 0.851, 0.831, 0.912, 0.987]

avg_final_acc=0.9053 | forgetting=0.0867
>>> [classil adam] er (baseline)                     acc=0.9053  forget=0.0867
After task 1/5 | seen tasks: [0.998]
After task 2/5 | seen tasks: [0.273, 0.979]
After task 3/5 | seen tasks: [0.079, 0.367, 0.995]
After task 4/5 | seen tasks: [0.004, 0.284, 0.774, 0.989]
After task 5/5 | seen tasks: [0.000, 0.134, 0.069, 0.816, 0.865]
[pt5 debug] target=activation granularity=neuron scope=- layers=0,2 projection=learned modulate_bias=False optimizer=adam driver=task_id=onehot method=naive masking=loss

avg_final_acc=0.3770 | forgetting=0.5883
>>> [classil adam] gain-neuron neurom                acc=0.3770  forget=0.5883
After task 1/5 | seen tasks: [1.000]
After task 2/5 | seen tasks: [0.985, 0.984]
After task 3/5 | seen tasks: [0.982, 0.907, 0.998]
After task 4/5 | seen tasks: [0.965, 0.881, 0.899, 0.993]
After task 5/5 | seen tasks: [0.932, 0.850, 0.741, 0.916, 0.983]
[pt5 debug] target=activation granularity=neuron scope=- layers=0,2 projection=learned modulate_bias=False optimizer=adam driver=task_id=onehot method=er masking=none

avg_final_acc=0.8842 | forgetting=0.1073
>>> [classil adam] gain-neuron neurom+er             acc=0.8842  forget=0.1073
After task 1/5 | seen tasks: [0.999]
After task 2/5 | seen tasks: [0.170, 0.990]
After task 3/5 | seen tasks: [0.069, 0.474, 0.993]
After task 4/5 | seen tasks: [0.013, 0.271, 0.846, 0.976]
After task 5/5 | seen tasks: [0.005, 0.111, 0.375, 0.633, 0.977]
[pt5 debug] target=activation granularity=synapse scope=- layers=0,2 projection=learned modulate_bias=False optimizer=adam driver=task_id=onehot method=naive masking=loss

avg_final_acc=0.4202 | forgetting=0.5668
>>> [classil adam] gain-synapse neurom               acc=0.4202  forget=0.5668
After task 1/5 | seen tasks: [1.000]
After task 2/5 | seen tasks: [0.978, 0.992]
After task 3/5 | seen tasks: [0.972, 0.915, 0.996]
After task 4/5 | seen tasks: [0.960, 0.899, 0.941, 0.996]
After task 5/5 | seen tasks: [0.931, 0.884, 0.844, 0.941, 0.984]
[pt5 debug] target=activation granularity=synapse scope=- layers=0,2 projection=learned modulate_bias=False optimizer=adam driver=task_id=onehot method=er masking=none

avg_final_acc=0.9169 | forgetting=0.0768
>>> [classil adam] gain-synapse neurom+er            acc=0.9169  forget=0.0768
After task 1/5 | seen tasks: [0.999]
After task 2/5 | seen tasks: [0.367, 0.990]
After task 3/5 | seen tasks: [0.181, 0.385, 0.991]
After task 4/5 | seen tasks: [0.256, 0.189, 0.861, 0.947]
After task 5/5 | seen tasks: [0.008, 0.276, 0.047, 0.676, 0.926]
[pt5 debug] target=plasticity granularity=neuron scope=both layers=0,2,4 projection=learned modulate_bias=False optimizer=adam driver=task_id=onehot method=naive masking=loss

avg_final_acc=0.3866 | forgetting=0.5841
>>> [classil adam] plast-neuron neurom               acc=0.3866  forget=0.5841
After task 1/5 | seen tasks: [0.999]
After task 2/5 | seen tasks: [0.980, 0.996]
After task 3/5 | seen tasks: [0.978, 0.911, 0.998]
After task 4/5 | seen tasks: [0.949, 0.900, 0.901, 0.993]
After task 5/5 | seen tasks: [0.937, 0.861, 0.830, 0.915, 0.986]
[pt5 debug] target=plasticity granularity=neuron scope=both layers=0,2,4 projection=learned modulate_bias=False optimizer=adam driver=task_id=onehot method=er masking=none

avg_final_acc=0.9057 | forgetting=0.0888
>>> [classil adam] plast-neuron neurom+er            acc=0.9057  forget=0.0888
After task 1/5 | seen tasks: [0.999]
After task 2/5 | seen tasks: [0.164, 0.992]
After task 3/5 | seen tasks: [0.146, 0.410, 0.993]
After task 4/5 | seen tasks: [0.043, 0.328, 0.713, 0.980]
After task 5/5 | seen tasks: [0.000, 0.134, 0.155, 0.708, 0.913]
[pt5 debug] target=plasticity granularity=synapse scope=- layers=0,2 projection=learned modulate_bias=False optimizer=adam driver=task_id=onehot method=naive masking=loss

avg_final_acc=0.3820 | forgetting=0.5933
>>> [classil adam] plast-synapse neurom              acc=0.3820  forget=0.5933
After task 1/5 | seen tasks: [1.000]
After task 2/5 | seen tasks: [0.977, 0.984]
After task 3/5 | seen tasks: [0.975, 0.917, 0.996]
After task 4/5 | seen tasks: [0.957, 0.890, 0.904, 0.991]
After task 5/5 | seen tasks: [0.934, 0.819, 0.824, 0.883, 0.990]
[pt5 debug] target=plasticity granularity=synapse scope=- layers=0,2 projection=learned modulate_bias=False optimizer=adam driver=task_id=onehot method=er masking=none

avg_final_acc=0.8900 | forgetting=0.1024
>>> [classil adam] plast-synapse neurom+er           acc=0.8900  forget=0.1024

################ metric=taskil  optimizer=sgd ################
After task 1/5 | seen tasks: [0.998]
After task 2/5 | seen tasks: [0.998, 0.962]
After task 3/5 | seen tasks: [0.998, 0.950, 0.971]
After task 4/5 | seen tasks: [0.998, 0.947, 0.972, 0.993]
After task 5/5 | seen tasks: [0.998, 0.955, 0.977, 0.992, 0.962]

avg_final_acc=0.9769 | forgetting=0.0016
>>> [taskil sgd] naive (baseline)                    acc=0.9769  forget=0.0016
After task 1/5 | seen tasks: [0.998]
After task 2/5 | seen tasks: [0.998, 0.956]
After task 3/5 | seen tasks: [0.998, 0.955, 0.962]
After task 4/5 | seen tasks: [0.998, 0.953, 0.962, 0.991]
After task 5/5 | seen tasks: [0.998, 0.958, 0.971, 0.989, 0.955]

avg_final_acc=0.9740 | forgetting=0.0005
>>> [taskil sgd] er (baseline)                       acc=0.9740  forget=0.0005
After task 1/5 | seen tasks: [0.998]
After task 2/5 | seen tasks: [0.998, 0.962]
After task 3/5 | seen tasks: [0.998, 0.950, 0.971]
After task 4/5 | seen tasks: [0.998, 0.947, 0.972, 0.993]
After task 5/5 | seen tasks: [0.998, 0.955, 0.977, 0.991, 0.962]
[pt5 debug] target=activation granularity=neuron scope=- layers=0,2 projection=learned modulate_bias=False optimizer=sgd driver=task_id=onehot method=naive masking=taskil

avg_final_acc=0.9768 | forgetting=0.0017
>>> [taskil sgd] gain-neuron neurom                  acc=0.9768  forget=0.0017
After task 1/5 | seen tasks: [0.998]
After task 2/5 | seen tasks: [0.998, 0.956]
After task 3/5 | seen tasks: [0.998, 0.955, 0.962]
After task 4/5 | seen tasks: [0.998, 0.953, 0.962, 0.991]
After task 5/5 | seen tasks: [0.998, 0.958, 0.971, 0.989, 0.955]
[pt5 debug] target=activation granularity=neuron scope=- layers=0,2 projection=learned modulate_bias=False optimizer=sgd driver=task_id=onehot method=er masking=taskil

avg_final_acc=0.9740 | forgetting=0.0004
>>> [taskil sgd] gain-neuron neurom+er               acc=0.9740  forget=0.0004
After task 1/5 | seen tasks: [0.998]
After task 2/5 | seen tasks: [0.998, 0.962]
After task 3/5 | seen tasks: [0.998, 0.949, 0.971]
After task 4/5 | seen tasks: [0.998, 0.947, 0.972, 0.993]
After task 5/5 | seen tasks: [0.998, 0.955, 0.978, 0.991, 0.963]
[pt5 debug] target=activation granularity=synapse scope=- layers=0,2 projection=learned modulate_bias=False optimizer=sgd driver=task_id=onehot method=naive masking=taskil

avg_final_acc=0.9771 | forgetting=0.0016
>>> [taskil sgd] gain-synapse neurom                 acc=0.9771  forget=0.0016
After task 1/5 | seen tasks: [0.998]
After task 2/5 | seen tasks: [0.998, 0.957]
After task 3/5 | seen tasks: [0.998, 0.953, 0.962]
After task 4/5 | seen tasks: [0.998, 0.955, 0.965, 0.991]
After task 5/5 | seen tasks: [0.998, 0.961, 0.973, 0.989, 0.956]
[pt5 debug] target=activation granularity=synapse scope=- layers=0,2 projection=learned modulate_bias=False optimizer=sgd driver=task_id=onehot method=er masking=taskil

avg_final_acc=0.9755 | forgetting=0.0003
>>> [taskil sgd] gain-synapse neurom+er              acc=0.9755  forget=0.0003
After task 1/5 | seen tasks: [0.997]
After task 2/5 | seen tasks: [0.997, 0.957]
After task 3/5 | seen tasks: [0.997, 0.951, 0.963]
After task 4/5 | seen tasks: [0.997, 0.948, 0.962, 0.991]
After task 5/5 | seen tasks: [0.997, 0.957, 0.970, 0.988, 0.958]
[pt5 debug] target=plasticity granularity=neuron scope=both layers=0,2,4 projection=learned modulate_bias=False optimizer=sgd driver=task_id=onehot method=naive masking=taskil

avg_final_acc=0.9739 | forgetting=0.0008
>>> [taskil sgd] plast-neuron neurom                 acc=0.9739  forget=0.0008
After task 1/5 | seen tasks: [0.997]
After task 2/5 | seen tasks: [0.998, 0.953]
After task 3/5 | seen tasks: [0.998, 0.951, 0.957]
After task 4/5 | seen tasks: [0.998, 0.952, 0.959, 0.990]
After task 5/5 | seen tasks: [0.998, 0.954, 0.962, 0.988, 0.952]
[pt5 debug] target=plasticity granularity=neuron scope=both layers=0,2,4 projection=learned modulate_bias=False optimizer=sgd driver=task_id=onehot method=er masking=taskil

avg_final_acc=0.9707 | forgetting=0.0005
>>> [taskil sgd] plast-neuron neurom+er              acc=0.9707  forget=0.0005
After task 1/5 | seen tasks: [0.997]
After task 2/5 | seen tasks: [0.997, 0.957]
After task 3/5 | seen tasks: [0.997, 0.949, 0.965]
After task 4/5 | seen tasks: [0.997, 0.946, 0.965, 0.991]
After task 5/5 | seen tasks: [0.997, 0.958, 0.969, 0.989, 0.956]
[pt5 debug] target=plasticity granularity=synapse scope=- layers=0,2 projection=learned modulate_bias=False optimizer=sgd driver=task_id=onehot method=naive masking=taskil

avg_final_acc=0.9737 | forgetting=0.0005
>>> [taskil sgd] plast-synapse neurom                acc=0.9737  forget=0.0005
After task 1/5 | seen tasks: [0.997]
After task 2/5 | seen tasks: [0.998, 0.952]
After task 3/5 | seen tasks: [0.998, 0.950, 0.955]
After task 4/5 | seen tasks: [0.998, 0.950, 0.956, 0.989]
After task 5/5 | seen tasks: [0.998, 0.955, 0.961, 0.987, 0.951]
[pt5 debug] target=plasticity granularity=synapse scope=- layers=0,2 projection=learned modulate_bias=False optimizer=sgd driver=task_id=onehot method=er masking=taskil

avg_final_acc=0.9704 | forgetting=0.0004
>>> [taskil sgd] plast-synapse neurom+er             acc=0.9704  forget=0.0004

################ metric=taskil  optimizer=adam ################
After task 1/5 | seen tasks: [0.999]
After task 2/5 | seen tasks: [0.997, 0.996]
After task 3/5 | seen tasks: [0.855, 0.964, 0.999]
After task 4/5 | seen tasks: [0.923, 0.854, 0.993, 0.999]
After task 5/5 | seen tasks: [0.912, 0.810, 0.940, 0.985, 0.996]

avg_final_acc=0.9286 | forgetting=0.0695
>>> [taskil adam] naive (baseline)                   acc=0.9286  forget=0.0695
After task 1/5 | seen tasks: [0.999]
After task 2/5 | seen tasks: [1.000, 0.997]
After task 3/5 | seen tasks: [1.000, 0.995, 0.999]
After task 4/5 | seen tasks: [1.000, 0.991, 0.998, 0.999]
After task 5/5 | seen tasks: [0.999, 0.985, 0.994, 0.999, 0.994]

avg_final_acc=0.9942 | forgetting=0.0036
>>> [taskil adam] er (baseline)                      acc=0.9942  forget=0.0036
After task 1/5 | seen tasks: [0.998]
After task 2/5 | seen tasks: [0.999, 0.991]
After task 3/5 | seen tasks: [0.808, 0.955, 0.999]
After task 4/5 | seen tasks: [0.536, 0.974, 0.989, 0.999]
After task 5/5 | seen tasks: [0.793, 0.878, 0.894, 0.992, 0.993]
[pt5 debug] target=activation granularity=neuron scope=- layers=0,2 projection=learned modulate_bias=False optimizer=adam driver=task_id=onehot method=naive masking=taskil

avg_final_acc=0.9102 | forgetting=0.0860
>>> [taskil adam] gain-neuron neurom                 acc=0.9102  forget=0.0860
After task 1/5 | seen tasks: [0.998]
After task 2/5 | seen tasks: [0.999, 0.994]
After task 3/5 | seen tasks: [1.000, 0.995, 0.999]
After task 4/5 | seen tasks: [1.000, 0.994, 0.997, 0.999]
After task 5/5 | seen tasks: [0.998, 0.987, 0.995, 0.998, 0.996]
[pt5 debug] target=activation granularity=neuron scope=- layers=0,2 projection=learned modulate_bias=False optimizer=adam driver=task_id=onehot method=er masking=taskil

avg_final_acc=0.9949 | forgetting=0.0030
>>> [taskil adam] gain-neuron neurom+er              acc=0.9949  forget=0.0030
After task 1/5 | seen tasks: [0.999]
After task 2/5 | seen tasks: [0.995, 0.994]
After task 3/5 | seen tasks: [0.996, 0.985, 0.999]
After task 4/5 | seen tasks: [0.998, 0.947, 0.982, 0.999]
After task 5/5 | seen tasks: [0.991, 0.890, 0.969, 0.988, 0.994]
[pt5 debug] target=activation granularity=synapse scope=- layers=0,2 projection=learned modulate_bias=False optimizer=adam driver=task_id=onehot method=naive masking=taskil

avg_final_acc=0.9665 | forgetting=0.0306
>>> [taskil adam] gain-synapse neurom                acc=0.9665  forget=0.0306
After task 1/5 | seen tasks: [1.000]
After task 2/5 | seen tasks: [0.999, 0.995]
After task 3/5 | seen tasks: [0.999, 0.992, 0.999]
After task 4/5 | seen tasks: [0.998, 0.993, 0.998, 0.999]
After task 5/5 | seen tasks: [0.998, 0.988, 0.995, 0.997, 0.991]
[pt5 debug] target=activation granularity=synapse scope=- layers=0,2 projection=learned modulate_bias=False optimizer=adam driver=task_id=onehot method=er masking=taskil

avg_final_acc=0.9940 | forgetting=0.0030
>>> [taskil adam] gain-synapse neurom+er             acc=0.9940  forget=0.0030
After task 1/5 | seen tasks: [0.999]
After task 2/5 | seen tasks: [0.998, 0.998]
After task 3/5 | seen tasks: [0.926, 0.972, 0.998]
After task 4/5 | seen tasks: [0.759, 0.817, 0.978, 0.999]
After task 5/5 | seen tasks: [0.762, 0.885, 0.914, 0.996, 0.989]
[pt5 debug] target=plasticity granularity=neuron scope=both layers=0,2,4 projection=learned modulate_bias=False optimizer=adam driver=task_id=onehot method=naive masking=taskil

avg_final_acc=0.9092 | forgetting=0.0875
>>> [taskil adam] plast-neuron neurom                acc=0.9092  forget=0.0875
After task 1/5 | seen tasks: [0.999]
After task 2/5 | seen tasks: [1.000, 0.991]
After task 3/5 | seen tasks: [0.999, 0.994, 0.999]
After task 4/5 | seen tasks: [1.000, 0.994, 0.999, 0.999]
After task 5/5 | seen tasks: [0.999, 0.980, 0.993, 0.997, 0.995]
[pt5 debug] target=plasticity granularity=neuron scope=both layers=0,2,4 projection=learned modulate_bias=False optimizer=adam driver=task_id=onehot method=er masking=taskil

avg_final_acc=0.9928 | forgetting=0.0046
>>> [taskil adam] plast-neuron neurom+er             acc=0.9928  forget=0.0046
After task 1/5 | seen tasks: [0.999]
After task 2/5 | seen tasks: [0.992, 0.996]
After task 3/5 | seen tasks: [0.752, 0.980, 0.999]
After task 4/5 | seen tasks: [0.670, 0.973, 0.979, 0.999]
After task 5/5 | seen tasks: [0.775, 0.912, 0.918, 0.995, 0.995]
[pt5 debug] target=plasticity granularity=synapse scope=- layers=0,2 projection=learned modulate_bias=False optimizer=adam driver=task_id=onehot method=naive masking=taskil

avg_final_acc=0.9191 | forgetting=0.0786
>>> [taskil adam] plast-synapse neurom               acc=0.9191  forget=0.0786
After task 1/5 | seen tasks: [0.999]
After task 2/5 | seen tasks: [1.000, 0.997]
After task 3/5 | seen tasks: [1.000, 0.992, 0.997]
After task 4/5 | seen tasks: [1.000, 0.991, 0.996, 0.999]
After task 5/5 | seen tasks: [0.998, 0.987, 0.989, 0.995, 0.993]
[pt5 debug] target=plasticity granularity=synapse scope=- layers=0,2 projection=learned modulate_bias=False optimizer=adam driver=task_id=onehot method=er masking=taskil

avg_final_acc=0.9925 | forgetting=0.0049
>>> [taskil adam] plast-synapse neurom+er            acc=0.9925  forget=0.0049


============================================================================================
pt5 ITERATION 3 (projection=learned) — 1 seed (42), lr=1e-3, ep=5, buffer=1000
standalone bar: neurom vs naive (same-opt, same-metric) | +ER bar: neurom+er vs er (>=2pts)
============================================================================================

--- metric=CLASSIL  optimizer=SGD ---
  baselines: naive=0.6296 (f=0.1245)   er=0.7226 (f=0.2385)
  mechanism           neurom  (vs naive)  neurom+er    (vs er)
  gain-neuron         0.6311     +0.0015     0.7271    +0.0045
  gain-synapse        0.6295     -0.0001     0.7266    +0.0039
  plast-neuron        0.6456     +0.0160     0.5676    -0.1551
  plast-synapse       0.6430     +0.0134     0.5847    -0.1379

--- metric=CLASSIL  optimizer=ADAM ---
  baselines: naive=0.3894 (f=0.5355)   er=0.9053 (f=0.0867)
  mechanism           neurom  (vs naive)  neurom+er    (vs er)
  gain-neuron         0.3770     -0.0124     0.8842    -0.0211
  gain-synapse        0.4202     +0.0308     0.9169    +0.0116
  plast-neuron        0.3866     -0.0029     0.9057    +0.0004
  plast-synapse       0.3820     -0.0074     0.8900    -0.0153

--- metric=TASKIL  optimizer=SGD ---
  baselines: naive=0.9769 (f=0.0016)   er=0.9740 (f=0.0005)
  mechanism           neurom  (vs naive)  neurom+er    (vs er)
  gain-neuron         0.9768     -0.0001     0.9740    +0.0000
  gain-synapse        0.9771     +0.0001     0.9755    +0.0014
  plast-neuron        0.9739     -0.0030     0.9707    -0.0033
  plast-synapse       0.9737     -0.0032     0.9704    -0.0036

--- metric=TASKIL  optimizer=ADAM ---
  baselines: naive=0.9286 (f=0.0695)   er=0.9942 (f=0.0036)
  mechanism           neurom  (vs naive)  neurom+er    (vs er)
  gain-neuron         0.9102     -0.0184     0.9949    +0.0007
  gain-synapse        0.9665     +0.0379     0.9940    -0.0002
  plast-neuron        0.9092     -0.0194     0.9928    -0.0014
  plast-synapse       0.9191     -0.0095     0.9925    -0.0017

Caveat: ORACLE task id at train+eval (task-IL-style even on the class-IL metric). plasticity+Adam is a first-order surrogate (Adam-moments); SGD is the clean plasticity read.
