
################ class-IL  optimizer=sgd ################
After task 1/5 | seen tasks: [0.997]
After task 2/5 | seen tasks: [0.992, 0.797]
After task 3/5 | seen tasks: [0.965, 0.517, 0.774]
After task 4/5 | seen tasks: [0.959, 0.479, 0.742, 0.719]
After task 5/5 | seen tasks: [0.916, 0.322, 0.740, 0.688, 0.483]

avg_final_acc=0.6296 | forgetting=0.1245
>>> [sgd] naive (baseline)                                     acc=0.6296  forget=0.1245
After task 1/5 | seen tasks: [0.998]
After task 2/5 | seen tasks: [0.957, 0.941]
After task 3/5 | seen tasks: [0.948, 0.639, 0.956]
After task 4/5 | seen tasks: [0.950, 0.751, 0.630, 0.969]
After task 5/5 | seen tasks: [0.934, 0.668, 0.366, 0.703, 0.942]

avg_final_acc=0.7226 | forgetting=0.2385
>>> [sgd] er (baseline)                                        acc=0.7226  forget=0.2385
After task 1/5 | seen tasks: [0.998]
After task 2/5 | seen tasks: [0.998, 0.953]
After task 3/5 | seen tasks: [0.996, 0.945, 0.980]
After task 4/5 | seen tasks: [0.996, 0.943, 0.983, 0.981]
After task 5/5 | seen tasks: [0.996, 0.951, 0.985, 0.982, 0.898]
[pt5 debug] target=activation granularity=neuron scope=- layers=0,2,4 projection=learned modulate_bias=False plast_init=- sparsity_lambda=0.0 meta_replay=True er_task_id=False meta_task_id=True optimizer=sgd driver=task_id=onehot method=naive masking=loss

avg_final_acc=0.9625 | forgetting=0.0009
>>> [sgd] gain-neuron buf-meta-own out (0,2,4)                 acc=0.9625  forget=0.0009
After task 1/5 | seen tasks: [0.999]
After task 2/5 | seen tasks: [1.000, 0.982]
After task 3/5 | seen tasks: [1.000, 0.981, 0.997]
After task 4/5 | seen tasks: [1.000, 0.982, 0.997, 0.997]
After task 5/5 | seen tasks: [1.000, 0.981, 0.997, 0.996, 0.973]
[pt5 debug] target=activation granularity=synapse scope=- layers=0,2,4 projection=learned modulate_bias=False plast_init=- sparsity_lambda=0.0 meta_replay=True er_task_id=False meta_task_id=True optimizer=sgd driver=task_id=onehot method=naive masking=loss

avg_final_acc=0.9894 | forgetting=0.0006
>>> [sgd] gain-synapse buf-meta-own out (0,2,4)                acc=0.9894  forget=0.0006
After task 1/5 | seen tasks: [0.999]
After task 2/5 | seen tasks: [1.000, 0.983]
After task 3/5 | seen tasks: [1.000, 0.982, 0.997]
After task 4/5 | seen tasks: [1.000, 0.981, 0.997, 0.997]
After task 5/5 | seen tasks: [1.000, 0.980, 0.997, 0.996, 0.973]
[pt5 debug] target=activation granularity=synapse scope=- layers=0,2,4 projection=learned modulate_bias=True plast_init=- sparsity_lambda=0.0 meta_replay=True er_task_id=False meta_task_id=True optimizer=sgd driver=task_id=onehot method=naive masking=loss

avg_final_acc=0.9892 | forgetting=0.0008
>>> [sgd] gain-synapse buf-meta-own bias (0,2,4+bias)          acc=0.9892  forget=0.0008
After task 1/5 | seen tasks: [0.997]
After task 2/5 | seen tasks: [0.992, 0.784]
After task 3/5 | seen tasks: [0.980, 0.535, 0.745]
After task 4/5 | seen tasks: [0.975, 0.492, 0.697, 0.765]
After task 5/5 | seen tasks: [0.948, 0.323, 0.652, 0.738, 0.537]
[pt5 debug] target=plasticity granularity=neuron scope=both layers=0,2 projection=learned modulate_bias=False plast_init=0.5 sparsity_lambda=0.0 meta_replay=True er_task_id=False optimizer=sgd driver=task_id=onehot method=naive masking=loss

avg_final_acc=0.6394 | forgetting=0.1262
>>> [sgd] plast-neuron buf-meta-own hid (0,2)                  acc=0.6394  forget=0.1262
After task 1/5 | seen tasks: [0.996]
After task 2/5 | seen tasks: [0.993, 0.735]
After task 3/5 | seen tasks: [0.987, 0.501, 0.712]
After task 4/5 | seen tasks: [0.985, 0.452, 0.668, 0.803]
After task 5/5 | seen tasks: [0.974, 0.316, 0.641, 0.778, 0.512]
[pt5 debug] target=plasticity granularity=synapse scope=- layers=0,2,4 projection=learned modulate_bias=False plast_init=0.5 sparsity_lambda=0.0 meta_replay=True er_task_id=False optimizer=sgd driver=task_id=onehot method=naive masking=loss

avg_final_acc=0.6444 | forgetting=0.1073
>>> [sgd] plast-synapse buf-meta-own out (0,2,4)               acc=0.6444  forget=0.1073
After task 1/5 | seen tasks: [0.996]
After task 2/5 | seen tasks: [0.993, 0.735]
After task 3/5 | seen tasks: [0.987, 0.502, 0.710]
After task 4/5 | seen tasks: [0.985, 0.452, 0.667, 0.804]
After task 5/5 | seen tasks: [0.975, 0.316, 0.639, 0.779, 0.511]
[pt5 debug] target=plasticity granularity=synapse scope=- layers=0,2,4 projection=learned modulate_bias=True plast_init=0.5 sparsity_lambda=0.0 meta_replay=True er_task_id=False optimizer=sgd driver=task_id=onehot method=naive masking=loss

avg_final_acc=0.6440 | forgetting=0.1072
>>> [sgd] plast-synapse buf-meta-own bias (0,2,4+bias)         acc=0.6440  forget=0.1072
After task 1/5 | seen tasks: [0.998]
After task 2/5 | seen tasks: [0.989, 0.956]
After task 3/5 | seen tasks: [0.981, 0.935, 0.967]
After task 4/5 | seen tasks: [0.979, 0.915, 0.924, 0.988]
After task 5/5 | seen tasks: [0.968, 0.913, 0.935, 0.960, 0.956]
[pt5 debug] target=activation granularity=neuron scope=- layers=0,2,4 projection=learned modulate_bias=False plast_init=- sparsity_lambda=0.0 meta_replay=False er_task_id=True optimizer=sgd driver=task_id=onehot method=er masking=none

avg_final_acc=0.9466 | forgetting=0.0265
>>> [sgd] gain-neuron er-own out (0,2,4)                       acc=0.9466  forget=0.0265
After task 1/5 | seen tasks: [0.998]
After task 2/5 | seen tasks: [0.962, 0.941]
After task 3/5 | seen tasks: [0.945, 0.660, 0.955]
After task 4/5 | seen tasks: [0.949, 0.753, 0.647, 0.970]
After task 5/5 | seen tasks: [0.936, 0.679, 0.396, 0.718, 0.945]
[pt5 debug] target=activation granularity=synapse scope=- layers=0,2,4 projection=learned modulate_bias=False plast_init=- sparsity_lambda=0.0 meta_replay=False er_task_id=True optimizer=sgd driver=task_id=onehot method=er masking=none

avg_final_acc=0.7347 | forgetting=0.2271
>>> [sgd] gain-synapse er-own out (0,2,4)                      acc=0.7347  forget=0.2271
After task 1/5 | seen tasks: [0.998]
After task 2/5 | seen tasks: [0.962, 0.941]
After task 3/5 | seen tasks: [0.945, 0.661, 0.955]
After task 4/5 | seen tasks: [0.949, 0.753, 0.647, 0.970]
After task 5/5 | seen tasks: [0.936, 0.679, 0.396, 0.718, 0.945]
[pt5 debug] target=activation granularity=synapse scope=- layers=0,2,4 projection=learned modulate_bias=True plast_init=- sparsity_lambda=0.0 meta_replay=False er_task_id=True optimizer=sgd driver=task_id=onehot method=er masking=none

avg_final_acc=0.7348 | forgetting=0.2270
>>> [sgd] gain-synapse er-own bias (0,2,4+bias)                acc=0.7348  forget=0.2270
After task 1/5 | seen tasks: [0.997]
After task 2/5 | seen tasks: [0.944, 0.939]
After task 3/5 | seen tasks: [0.927, 0.423, 0.949]
After task 4/5 | seen tasks: [0.934, 0.659, 0.401, 0.970]
After task 5/5 | seen tasks: [0.924, 0.617, 0.216, 0.561, 0.943]
[pt5 debug] target=plasticity granularity=neuron scope=both layers=0,2 projection=learned modulate_bias=False plast_init=0.5 sparsity_lambda=0.0 meta_replay=False er_task_id=True optimizer=sgd driver=task_id=onehot method=er masking=none

avg_final_acc=0.6521 | forgetting=0.3074
>>> [sgd] plast-neuron er-own hid (0,2)                        acc=0.6521  forget=0.3074
After task 1/5 | seen tasks: [0.997]
After task 2/5 | seen tasks: [0.935, 0.936]
After task 3/5 | seen tasks: [0.897, 0.350, 0.947]
After task 4/5 | seen tasks: [0.913, 0.605, 0.148, 0.973]
After task 5/5 | seen tasks: [0.895, 0.593, 0.068, 0.422, 0.945]
[pt5 debug] target=plasticity granularity=synapse scope=- layers=0,2,4 projection=learned modulate_bias=False plast_init=0.5 sparsity_lambda=0.0 meta_replay=False er_task_id=True optimizer=sgd driver=task_id=onehot method=er masking=none

avg_final_acc=0.5845 | forgetting=0.3751
>>> [sgd] plast-synapse er-own out (0,2,4)                     acc=0.5845  forget=0.3751
After task 1/5 | seen tasks: [0.997]
After task 2/5 | seen tasks: [0.937, 0.936]
After task 3/5 | seen tasks: [0.897, 0.349, 0.948]
After task 4/5 | seen tasks: [0.913, 0.600, 0.141, 0.973]
After task 5/5 | seen tasks: [0.896, 0.591, 0.065, 0.423, 0.945]
[pt5 debug] target=plasticity granularity=synapse scope=- layers=0,2,4 projection=learned modulate_bias=True plast_init=0.5 sparsity_lambda=0.0 meta_replay=False er_task_id=True optimizer=sgd driver=task_id=onehot method=er masking=none

avg_final_acc=0.5837 | forgetting=0.3761
>>> [sgd] plast-synapse er-own bias (0,2,4+bias)               acc=0.5837  forget=0.3761

################ class-IL  optimizer=adam ################
After task 1/5 | seen tasks: [0.999]
After task 2/5 | seen tasks: [0.204, 0.988]
After task 3/5 | seen tasks: [0.113, 0.307, 0.996]
After task 4/5 | seen tasks: [0.035, 0.288, 0.871, 0.936]
After task 5/5 | seen tasks: [0.017, 0.104, 0.420, 0.701, 0.705]

avg_final_acc=0.3894 | forgetting=0.5355
>>> [adam] naive (baseline)                                    acc=0.3894  forget=0.5355
After task 1/5 | seen tasks: [0.999]
After task 2/5 | seen tasks: [0.988, 0.986]
After task 3/5 | seen tasks: [0.974, 0.892, 0.997]
After task 4/5 | seen tasks: [0.966, 0.906, 0.899, 0.990]
After task 5/5 | seen tasks: [0.945, 0.851, 0.831, 0.912, 0.987]

avg_final_acc=0.9053 | forgetting=0.0867
>>> [adam] er (baseline)                                       acc=0.9053  forget=0.0867
After task 1/5 | seen tasks: [0.999]
After task 2/5 | seen tasks: [0.875, 0.992]
After task 3/5 | seen tasks: [0.557, 0.713, 0.998]
After task 4/5 | seen tasks: [0.565, 0.786, 0.858, 0.986]
After task 5/5 | seen tasks: [0.507, 0.598, 0.695, 0.851, 0.963]
[pt5 debug] target=activation granularity=neuron scope=- layers=0,2,4 projection=learned modulate_bias=False plast_init=- sparsity_lambda=0.0 meta_replay=True er_task_id=False meta_task_id=True optimizer=adam driver=task_id=onehot method=naive masking=loss

avg_final_acc=0.7229 | forgetting=0.2647
>>> [adam] gain-neuron buf-meta-own out (0,2,4)                acc=0.7229  forget=0.2647
After task 1/5 | seen tasks: [0.999]
After task 2/5 | seen tasks: [0.831, 0.986]
After task 3/5 | seen tasks: [0.547, 0.524, 0.996]
After task 4/5 | seen tasks: [0.590, 0.724, 0.888, 0.990]
After task 5/5 | seen tasks: [0.180, 0.545, 0.887, 0.903, 0.939]
[pt5 debug] target=activation granularity=synapse scope=- layers=0,2,4 projection=learned modulate_bias=False plast_init=- sparsity_lambda=0.0 meta_replay=True er_task_id=False meta_task_id=True optimizer=adam driver=task_id=onehot method=naive masking=loss

avg_final_acc=0.6907 | forgetting=0.2913
>>> [adam] gain-synapse buf-meta-own out (0,2,4)               acc=0.6907  forget=0.2913
After task 1/5 | seen tasks: [0.999]
After task 2/5 | seen tasks: [0.896, 0.980]
After task 3/5 | seen tasks: [0.633, 0.530, 0.997]
After task 4/5 | seen tasks: [0.405, 0.463, 0.704, 0.996]
After task 5/5 | seen tasks: [0.029, 0.385, 0.612, 0.969, 0.607]
[pt5 debug] target=activation granularity=synapse scope=- layers=0,2,4 projection=learned modulate_bias=True plast_init=- sparsity_lambda=0.0 meta_replay=True er_task_id=False meta_task_id=True optimizer=adam driver=task_id=onehot method=naive masking=loss

avg_final_acc=0.5203 | forgetting=0.3955
>>> [adam] gain-synapse buf-meta-own bias (0,2,4+bias)         acc=0.5203  forget=0.3955
After task 1/5 | seen tasks: [0.998]
After task 2/5 | seen tasks: [0.284, 0.982]
After task 3/5 | seen tasks: [0.191, 0.474, 0.988]
After task 4/5 | seen tasks: [0.139, 0.395, 0.726, 0.910]
After task 5/5 | seen tasks: [0.083, 0.090, 0.643, 0.459, 0.619]
[pt5 debug] target=plasticity granularity=neuron scope=both layers=0,2 projection=learned modulate_bias=False plast_init=0.5 sparsity_lambda=0.0 meta_replay=True er_task_id=False optimizer=adam driver=task_id=onehot method=naive masking=loss

avg_final_acc=0.3787 | forgetting=0.5210
>>> [adam] plast-neuron buf-meta-own hid (0,2)                 acc=0.3787  forget=0.5210
After task 1/5 | seen tasks: [0.999]
After task 2/5 | seen tasks: [0.400, 0.986]
After task 3/5 | seen tasks: [0.200, 0.396, 0.991]
After task 4/5 | seen tasks: [0.191, 0.093, 0.605, 0.994]
After task 5/5 | seen tasks: [0.060, 0.044, 0.244, 0.653, 0.849]
[pt5 debug] target=plasticity granularity=synapse scope=- layers=0,2,4 projection=learned modulate_bias=False plast_init=0.5 sparsity_lambda=0.0 meta_replay=True er_task_id=False optimizer=adam driver=task_id=onehot method=naive masking=loss

avg_final_acc=0.3699 | forgetting=0.5941
>>> [adam] plast-synapse buf-meta-own out (0,2,4)              acc=0.3699  forget=0.5941
After task 1/5 | seen tasks: [0.999]
After task 2/5 | seen tasks: [0.305, 0.985]
After task 3/5 | seen tasks: [0.170, 0.469, 0.986]
After task 4/5 | seen tasks: [0.051, 0.254, 0.617, 0.943]
After task 5/5 | seen tasks: [0.021, 0.081, 0.337, 0.724, 0.842]
[pt5 debug] target=plasticity granularity=synapse scope=- layers=0,2,4 projection=learned modulate_bias=True plast_init=0.5 sparsity_lambda=0.0 meta_replay=True er_task_id=False optimizer=adam driver=task_id=onehot method=naive masking=loss

avg_final_acc=0.4008 | forgetting=0.5501
>>> [adam] plast-synapse buf-meta-own bias (0,2,4+bias)        acc=0.4008  forget=0.5501
After task 1/5 | seen tasks: [0.999]
After task 2/5 | seen tasks: [0.998, 0.987]
After task 3/5 | seen tasks: [0.997, 0.979, 0.998]
After task 4/5 | seen tasks: [0.995, 0.980, 0.989, 0.997]
After task 5/5 | seen tasks: [0.996, 0.963, 0.989, 0.994, 0.995]
[pt5 debug] target=activation granularity=neuron scope=- layers=0,2,4 projection=learned modulate_bias=False plast_init=- sparsity_lambda=0.0 meta_replay=False er_task_id=True optimizer=adam driver=task_id=onehot method=er masking=none

avg_final_acc=0.9875 | forgetting=0.0079
>>> [adam] gain-neuron er-own out (0,2,4)                      acc=0.9875  forget=0.0079
After task 1/5 | seen tasks: [1.000]
After task 2/5 | seen tasks: [0.998, 0.995]
After task 3/5 | seen tasks: [0.999, 0.987, 0.999]
After task 4/5 | seen tasks: [0.999, 0.977, 0.991, 0.999]
After task 5/5 | seen tasks: [0.999, 0.978, 0.993, 0.992, 0.995]
[pt5 debug] target=activation granularity=synapse scope=- layers=0,2,4 projection=learned modulate_bias=False plast_init=- sparsity_lambda=0.0 meta_replay=False er_task_id=True optimizer=adam driver=task_id=onehot method=er masking=none

avg_final_acc=0.9915 | forgetting=0.0061
>>> [adam] gain-synapse er-own out (0,2,4)                     acc=0.9915  forget=0.0061
After task 1/5 | seen tasks: [1.000]
After task 2/5 | seen tasks: [0.997, 0.995]
After task 3/5 | seen tasks: [0.998, 0.984, 0.999]
After task 4/5 | seen tasks: [0.998, 0.980, 0.987, 0.999]
After task 5/5 | seen tasks: [0.996, 0.982, 0.995, 0.996, 0.991]
[pt5 debug] target=activation granularity=synapse scope=- layers=0,2,4 projection=learned modulate_bias=True plast_init=- sparsity_lambda=0.0 meta_replay=False er_task_id=True optimizer=adam driver=task_id=onehot method=er masking=none

avg_final_acc=0.9923 | forgetting=0.0044
>>> [adam] gain-synapse er-own bias (0,2,4+bias)               acc=0.9923  forget=0.0044
After task 1/5 | seen tasks: [1.000]
After task 2/5 | seen tasks: [0.984, 0.987]
After task 3/5 | seen tasks: [0.977, 0.910, 0.997]
After task 4/5 | seen tasks: [0.962, 0.899, 0.904, 0.992]
After task 5/5 | seen tasks: [0.933, 0.834, 0.790, 0.918, 0.985]
[pt5 debug] target=plasticity granularity=neuron scope=both layers=0,2 projection=learned modulate_bias=False plast_init=0.5 sparsity_lambda=0.0 meta_replay=False er_task_id=True optimizer=adam driver=task_id=onehot method=er masking=none

avg_final_acc=0.8921 | forgetting=0.1001
>>> [adam] plast-neuron er-own hid (0,2)                       acc=0.8921  forget=0.1001
After task 1/5 | seen tasks: [0.999]
After task 2/5 | seen tasks: [0.984, 0.987]
After task 3/5 | seen tasks: [0.973, 0.903, 0.995]
After task 4/5 | seen tasks: [0.957, 0.893, 0.890, 0.993]
After task 5/5 | seen tasks: [0.953, 0.835, 0.812, 0.903, 0.985]
[pt5 debug] target=plasticity granularity=synapse scope=- layers=0,2,4 projection=learned modulate_bias=False plast_init=0.5 sparsity_lambda=0.0 meta_replay=False er_task_id=True optimizer=adam driver=task_id=onehot method=er masking=none

avg_final_acc=0.8977 | forgetting=0.0943
>>> [adam] plast-synapse er-own out (0,2,4)                    acc=0.8977  forget=0.0943
After task 1/5 | seen tasks: [0.999]
After task 2/5 | seen tasks: [0.980, 0.978]
After task 3/5 | seen tasks: [0.972, 0.891, 0.997]
After task 4/5 | seen tasks: [0.961, 0.892, 0.892, 0.992]
After task 5/5 | seen tasks: [0.946, 0.836, 0.823, 0.920, 0.983]
[pt5 debug] target=plasticity granularity=synapse scope=- layers=0,2,4 projection=learned modulate_bias=True plast_init=0.5 sparsity_lambda=0.0 meta_replay=False er_task_id=True optimizer=adam driver=task_id=onehot method=er masking=none

avg_final_acc=0.9018 | forgetting=0.0882
>>> [adam] plast-synapse er-own bias (0,2,4+bias)              acc=0.9018  forget=0.0882


==========================================================================================================
pt5 OUT-LAYER + BIAS (projection=learned, class-IL) — 1 seed (42), lr=1e-3, ep=5, buffer=1000
hid = layers (0,2) | out = (0,2,4) | bias = (0,2,4) + --neuromod-modulate-bias (per-synapse only)
plast-neuron: 0,2,4 is its default => 'out' is the prior ref and 'hid' is the NEW reverse ablation
==========================================================================================================

--- optimizer=SGD ---   baselines: naive=0.6296  er=0.7226
  [buf-meta-own]  (deltas vs naive=0.6296; d-out = out-hid, d-bias = bias-out)
  mechanism          hid       f     out       f    d-out    bias       f   d-bias  best-vs-base
  gain-neuron     0.9074  0.0205  0.9625  0.0009  +0.0551     n/a                        +0.3328
  gain-synapse    0.9871  0.0015  0.9894  0.0006  +0.0023  0.9892  0.0008  -0.0002       +0.3598
  plast-neuron    0.6394  0.1262  0.6454  0.1273  +0.0060     n/a                        +0.0158
  plast-synapse   0.6417  0.1106  0.6444  0.1073  +0.0027  0.6440  0.1072  -0.0004       +0.0148
  [er-own]  (deltas vs er=0.7226; d-out = out-hid, d-bias = bias-out)
  mechanism          hid       f     out       f    d-out    bias       f   d-bias  best-vs-base
  gain-neuron     0.7376  0.2241  0.9466  0.0265  +0.2090     n/a                        +0.2239
  gain-synapse    0.7282  0.2332  0.7347  0.2271  +0.0065  0.7348  0.2270  +0.0001       +0.0121
  plast-neuron    0.6521  0.3074  0.6598  0.3006  +0.0077     n/a                        -0.0628
  plast-synapse   0.6110  0.3468  0.5845  0.3751  -0.0265  0.5837  0.3761  -0.0007       -0.1116

--- optimizer=ADAM ---   baselines: naive=0.3894  er=0.9053
  [buf-meta-own]  (deltas vs naive=0.3894; d-out = out-hid, d-bias = bias-out)
  mechanism          hid       f     out       f    d-out    bias       f   d-bias  best-vs-base
  gain-neuron     0.5075  0.3713  0.7229  0.2647  +0.2154     n/a                        +0.3335
  gain-synapse    0.6304  0.3238  0.6907  0.2913  +0.0603  0.5203  0.3955  -0.1703       +0.3012
  plast-neuron    0.3787  0.5210  0.4244  0.5059  +0.0457     n/a                        +0.0350
  plast-synapse   0.3861  0.5280  0.3699  0.5941  -0.0162  0.4008  0.5501  +0.0309       +0.0114
  [er-own]  (deltas vs er=0.9053; d-out = out-hid, d-bias = bias-out)
  mechanism          hid       f     out       f    d-out    bias       f   d-bias  best-vs-base
  gain-neuron     0.9887  0.0082  0.9875  0.0079  -0.0012     n/a                        +0.0834
  gain-synapse    0.9900  0.0067  0.9915  0.0061  +0.0015  0.9923  0.0044  +0.0008       +0.0870
  plast-neuron    0.8921  0.1001  0.8936  0.1001  +0.0015     n/a                        -0.0117
  plast-synapse   0.8935  0.0991  0.8977  0.0943  +0.0042  0.9018  0.0882  +0.0042       -0.0034

--- BASELINE REPRODUCTION CHECK ---
  sgd  naive got=0.6296 ref=0.6296 MATCH
  sgd  er    got=0.7226 ref=0.7226 MATCH
  adam naive got=0.3894 ref=0.3894 MATCH
  adam er    got=0.9053 ref=0.9053 MATCH

N/A cells: per-neuron bias modulation is not wired by design (gain-neuron freezes biases implicitly via gamma=0; plast-neuron gates them on the `in` side; the HEAD bias has no output-neuron alpha to attach to). Caveats: ORACLE task id at train+eval; the meta arms use the buffer (modulator-only replay); 1 seed; sparsity_lambda=0; plast init=0.5 (the shipped default — known suboptimal for the +ER arm under SGD, see the init-sweep gotcha).
