device=mps  (pt7 plasticity + temp/slope gate forms; class-IL er-own; 1 seed)

  base naive sgd : 0.6287
  base naive adam: 0.3900
  base er    sgd : 0.7234
  base er    adam: 0.8946
  plast    da_fast      neuron  sgd  | pred=0.7154  probe=0.275  |a-1|(h0/h1/out)=0.050/0.049/0.078
  plast    da_fast      synapse sgd  | pred=0.7139  probe=0.282  |a-1|(h0/h1/out)=0.016/0.018/0.029
  plast    da_fast      global  sgd  | pred=0.7152  probe=0.262  |a-1|(h0/h1/out)=0.036/0.036/0.036
  plast    ach_ema      neuron  sgd  | pred=0.8516  probe=0.278  |a-1|(h0/h1/out)=1.740/1.318/0.745
  plast    ach_ema      synapse sgd  | pred=0.8331  probe=0.250  |a-1|(h0/h1/out)=0.304/0.319/0.846
  plast    ach_ema      global  sgd  | pred=0.8497  probe=0.275  |a-1|(h0/h1/out)=1.599/1.599/1.599
  plast    ach_gru      neuron  sgd  | pred=0.8491  probe=0.256  |a-1|(h0/h1/out)=1.884/1.417/0.757
  plast    ach_gru      synapse sgd  | pred=0.8274  probe=0.278  |a-1|(h0/h1/out)=0.348/0.356/0.839
  plast    ach_gru      global  sgd  | pred=0.8448  probe=0.257  |a-1|(h0/h1/out)=1.611/1.611/1.611
  plast    5ht_ema      neuron  sgd  | pred=0.7665  probe=0.268  |a-1|(h0/h1/out)=0.185/0.160/0.107
  plast    5ht_ema      synapse sgd  | pred=0.7416  probe=0.231  |a-1|(h0/h1/out)=0.020/0.026/0.089
  plast    5ht_ema      global  sgd  | pred=0.7676  probe=0.270  |a-1|(h0/h1/out)=0.189/0.189/0.189
  gateform ne           temp  adam | pred=0.3874  probe=0.380  |a-1|(h0/h1/out)=0.000/0.000/0.981
  gateform ne           slope adam | pred=0.1037  probe=0.369  |a-1|(h0/h1/out)=0.989/0.988/0.000
  gateform ne_emb_all   temp  adam | pred=0.1009  probe=0.273  |a-1|(h0/h1/out)=0.000/0.000/1.000
  gateform ne_emb_all   slope adam | pred=0.1006  probe=0.299  |a-1|(h0/h1/out)=0.999/0.998/0.000
  gateform ne_vecproj   temp  adam | pred=0.8837  probe=0.685  |a-1|(h0/h1/out)=0.000/0.000/0.308
  gateform ne_vecproj   slope adam | pred=0.8860  probe=0.685  |a-1|(h0/h1/out)=0.133/0.136/0.000
  gateform nerisez      temp  adam | pred=0.8905  probe=0.236  |a-1|(h0/h1/out)=0.000/0.000/0.004
  gateform nerisez      slope adam | pred=0.8869  probe=0.256  |a-1|(h0/h1/out)=0.002/0.002/0.000
  gateform nerisez_gru  temp  adam | pred=0.8929  probe=0.391  |a-1|(h0/h1/out)=0.000/0.000/0.012
  gateform nerisez_gru  slope adam | pred=0.8880  probe=0.236  |a-1|(h0/h1/out)=0.000/0.000/0.000
ALL SELECTED CELLS DONE
