device=mps  (pt7 standard TUNED; lr adam 1e-3 / sgd 1e-2, val-selected epochs<= 6)

  vanilla     -       std1 sgd  | test=0.9515 (val=0.9563 @ep6)
  5ht-const   neuron  std1 sgd  | test=0.9517 (val=0.9578 @ep6)
  NE          neuron  std1 sgd  | test=0.9512 (val=0.9577 @ep6)
  NE          neuron  std0 sgd  | test=0.0980 (val=0.0991 @ep1)
  all4        neuron  std1 sgd  | test=0.9463 (val=0.9508 @ep6)
  all4        neuron  std0 sgd  | test=0.0980 (val=0.0991 @ep1)
  vecproj     neuron  std1 sgd  | test=0.9566 (val=0.9577 @ep6)
  vecproj     neuron  std0 sgd  | test=0.9558 (val=0.9569 @ep6)
  vec_h1proj  neuron  std1 sgd  | test=0.9513 (val=0.9569 @ep6)
  vec_h1proj  neuron  std0 sgd  | test=0.9508 (val=0.9567 @ep6)
  5ht-const   synapse std1 sgd  | test=0.9516 (val=0.9565 @ep6)
  NE          synapse std1 sgd  | test=0.9512 (val=0.9576 @ep6)
  NE          synapse std0 sgd  | test=0.9668 (val=0.9686 @ep6)
  all4        synapse std1 sgd  | test=0.9490 (val=0.9542 @ep6)
  all4        synapse std0 sgd  | test=0.9602 (val=0.9624 @ep6)
  vecproj     synapse std1 sgd  | test=0.9529 (val=0.9586 @ep6)
  vecproj     synapse std0 sgd  | test=0.9482 (val=0.9539 @ep6)
  vec_h1proj  synapse std1 sgd  | test=0.9452 (val=0.9530 @ep6)
  vec_h1proj  synapse std0 sgd  | test=0.9471 (val=0.9528 @ep6)
  vanilla     -       std1 adam | test=0.9802 (val=0.9794 @ep6)
  5ht-const   neuron  std1 adam | test=0.9791 (val=0.9807 @ep6)
  NE          neuron  std1 adam | test=0.9768 (val=0.9786 @ep6)
  NE          neuron  std0 adam | test=0.9809 (val=0.9783 @ep6)
  all4        neuron  std1 adam | test=0.9792 (val=0.9799 @ep6)
  all4        neuron  std0 adam | test=0.9801 (val=0.9785 @ep6)
  vecproj     neuron  std1 adam | test=0.9774 (val=0.9787 @ep6)
  vecproj     neuron  std0 adam | test=0.9780 (val=0.9806 @ep6)
  vec_h1proj  neuron  std1 adam | test=0.9795 (val=0.9802 @ep6)
  vec_h1proj  neuron  std0 adam | test=0.9788 (val=0.9758 @ep5)
  5ht-const   synapse std1 adam | test=0.9795 (val=0.9791 @ep6)
  NE          synapse std1 adam | test=0.9766 (val=0.9766 @ep3)
  NE          synapse std0 adam | test=0.9800 (val=0.9795 @ep3)
  all4        synapse std1 adam | test=0.9788 (val=0.9800 @ep6)
  all4        synapse std0 adam | test=0.9786 (val=0.9800 @ep6)
  vecproj     synapse std1 adam | test=0.9771 (val=0.9775 @ep5)
  vecproj     synapse std0 adam | test=0.9755 (val=0.9783 @ep6)
  vec_h1proj  synapse std1 adam | test=0.9771 (val=0.9778 @ep5)
  vec_h1proj  synapse std0 adam | test=0.9798 (val=0.9777 @ep6)
ALL SELECTED CELLS DONE
